-0.490138   -0.485415   0.49468
-0.333704   -0.314014   -0.481256
0.481992   -0.329424   -0.331974
-0.31657   -0.496704   -0.323664
-0.158211   -0.490565   -0.488132
-0.00218778   -0.344973   0.494776
-0.151688   -0.343449   -0.341293
0.0113919   0.481453   -0.342607
0.175301   -0.492323   -0.48968
0.345479   -0.312735   0.487847
0.153072   -0.329548   -0.343256
0.339047   0.4994   -0.321898
-0.489803   -0.154002   -0.499384
-0.338495   0.00651119   0.499609
0.497997   0.0027505   -0.337124
-0.333809   -0.162474   -0.317072
-0.164713   -0.17114   -0.483615
0.00120963   -0.00550358   -0.483276
-0.157007   -0.0010064   -0.328242
-0.0069091   -0.173989   -0.336787
0.154247   -0.177483   0.474659
0.340878   0.00920005   0.49093
0.16026   -0.0051515   -0.324533
0.310677   -0.160958   -0.335936
-0.490051   0.162053   0.484074
-0.323874   0.314046   0.495962
-0.494212   0.355777   -0.329002
-0.326349   0.139023   -0.335103
-0.161742   0.166184   -0.487302
-0.00258952   0.330775   0.489262
-0.165976   0.330213   -0.334711
0.00618056   0.171188   -0.323815
0.171488   0.171873   -0.497569
0.331922   0.314781   0.486999
0.165218   0.324957   -0.337801
0.332964   0.176168   -0.331198
0.4963   -0.478397   -0.167261
-0.316053   -0.337671   -0.167296
0.494338   -0.336087   0.00800579
-0.330566   0.492034   0.0104039
-0.147822   0.494159   -0.177097
0.0209072   -0.331489   -0.160363
-0.156162   -0.344381   0.000881764
0.0010935   0.497976   0.0116415
0.162366   -0.490457   -0.177573
0.331031   -0.329365   -0.151444
0.171527   -0.34786   -0.00772056
0.332762   -0.496436   -0.0123896
0.47982   -0.165977   -0.156375
-0.331837   0.00511945   -0.159293
0.489215   0.0209747   -0.0216103
-0.347216   -0.174616   -0.00495175
-0.149171   -0.185039   -0.163618
-0.00602502   0.00891601   -0.167722
-0.170607   -0.0208523   -0.0120263
-0.000671434   -0.177711   0.00721066
0.155495   -0.163305   -0.153739
0.321256   -0.00505985   -0.165972
0.157628   0.0108007   -0.00386889
0.319635   -0.142448   0.00398561
-0.497552   0.16433   -0.196569
-0.344438   0.330664   -0.157478
0.485913   0.334318   -0.00609963
-0.337144   0.171946   -0.0128689
-0.163548   0.168166   -0.15488
-0.00803891   0.338268   -0.150195
-0.17308   0.329767   -0.002456
-0.00676358   0.148452   0.0209418
0.152703   0.180792   -0.157049
0.326067   0.339527   -0.157005
0.162575   0.333996   0.0052415
0.318741   0.168513   0.00288392
0.494202   0.496561   0.164897
-0.318484   -0.337854   0.164587
-0.475992   -0.328966   0.320275
-0.315498   0.49002   0.341648
-0.167847   -0.490136   0.173818
-0.00134454   -0.333539   0.171764
-0.168356   -0.333723   0.344983
-0.0120304   0.491359   0.327977
0.163923   0.492015   0.167731
0.322324   -0.332404   0.166442
0.159852   -0.340708   0.328171
0.349948   -0.493935   0.342363
0.48816   -0.150808   0.142319
-0.34015   0.00362475   0.154994
0.49611   0.000857968   0.30346
-0.33133   -0.157058   0.337772
-0.177601   -0.17217   0.152508
-0.0253095   -0.0119056   0.158417
-0.147166   0.00162052   0.345578
-0.0151694   -0.186368   0.322468
0.16553   -0.17642   0.153473
0.327801   0.0279291   0.16854
0.160436   -0.0128355   0.322285
0.320835   -0.162758   0.330353
-0.491079   0.167848   0.154943
-0.334759   0.319147   0.164107
-0.481099   0.341354   0.335359
-0.304504   0.155382   0.337736
-0.184617   0.153267   0.154769
-0.013253   0.326677   0.182548
-0.154564   0.334518   0.338534
0.00843416   0.152887   0.328757
0.171687   0.184729   0.19037
0.343713   0.343492   0.176468
0.165193   0.356284   0.33515
0.357978   0.164984   0.335624
