-1.32678   0.0410736   0.125189
0.846775   1.71716   0.655882
0.187396   -0.553846   0.906365
-0.297067   0.499797   0.833904
-1.33158   -0.320121   0.169475
0.33574   -0.883376   0.960966
1.11248   -0.549621   -0.185806
2.84834   -1.38955   1.22091
-0.879091   -0.374493   -0.603797
-1.14618   -1.59515   0.748097
0.817005   -0.736928   0.0181808
-1.60656   -0.135298   -0.561103
-0.718003   -0.239599   0.380751
-0.24806   -0.347594   -0.319974
-0.0647797   0.615324   0.55123
-0.241169   -1.14748   0.303624
1.72126   1.09063   -0.69077
-0.601862   0.379037   1.19277
-0.611435   1.71114   1.30511
-0.232099   -0.151483   0.179852
1.10755   0.383845   -1.03865
-1.99016   0.301943   -1.33916
-0.712382   0.240644   -0.562896
-0.890206   2.5687   0.0979804
0.21394   -0.182931   0.521432
0.867647   1.10792   -0.110315
-0.459399   -0.317806   -0.841998
-0.157719   0.765238   -0.0172114
0.652297   -0.483887   0.185478
-0.994382   0.560807   -0.169317
1.66476   0.569657   -0.509057
-1.12167   -0.652024   -0.593935
-1.47525   0.472271   0.962407
-1.05836   -1.09139   -2.09233
1.70929   -0.302295   -1.14839
-0.254914   0.809966   -0.825475
-0.666718   -1.57894   0.393464
1.32589   0.234994   0.343406
0.385928   -0.927183   0.804971
1.25556   1.67405   0.957483
-0.691789   -0.346052   1.0978
0.446988   -0.212662   0.757585
0.422534   -0.846031   0.268517
0.606503   -1.01792   0.511419
-0.776908   0.407064   -0.0914881
0.250863   -0.563954   -0.485366
1.58014   0.341608   -1.5478
-0.203795   -0.861323   0.420387
0.538467   1.13129   0.203125
0.299828   -0.681169   1.70266
1.56684   -1.32791   -0.69217
0.760881   0.292977   -0.826825
-1.92461   0.799873   1.35152
1.14148   0.568134   0.681686
-0.52448   -0.0331616   0.420878
-0.366356   0.947718   -0.559482
1.11708   1.19084   -0.393811
1.11739   0.121213   0.0664729
-2.63431   -0.166659   -0.769186
0.216471   1.08657   1.20709
0.543999   -0.343431   1.32866
0.311108   -0.0536503   -0.51201
1.17337   0.714758   -0.850251
-0.203946   0.0765292   -1.51698
0.0772523   -0.490092   0.964472
-0.421835   -1.69258   -0.537045
0.333593   -0.0293741   0.101375
-1.71183   -1.05336   -1.73611
-0.963308   0.0378799   -0.207051
2.3475   -0.617073   -0.743221
-0.633345   -0.444648   0.298893
0.613459   -0.522444   -1.40392
-1.83272   0.660846   -1.00013
1.21009   0.0663448   -1.72106
1.4055   0.519008   -0.594738
-1.61175   -0.485491   0.182812
-0.177224   -0.831754   -0.571598
-0.0667946   1.4993   1.11624
-0.238215   0.270476   -1.00863
-1.13151   -1.34941   2.04991
-1.79937   -0.483156   0.0920247
-0.393958   -0.607862   0.959867
0.405508   0.513215   -0.128976
-0.453543   -0.586578   1.65015
-0.611542   1.81234   1.87929
1.25558   0.466343   -0.338838
0.870497   -0.530694   0.435755
-0.907317   1.34287   2.08188
1.28674   1.54672   -1.07442
0.0705809   -0.484885   0.207189
0.0369208   -1.02688   0.278377
1.06804   0.962803   0.578578
-0.154746   0.193343   -0.765045
0.290349   -1.76456   -0.0398754
-1.40792   -1.22129   -2.13429
-0.150384   -0.60941   -0.439081
0.316543   -1.19484   -1.12898
-0.667589   0.309699   -1.29267
0.284913   -1.43284   -0.20452
0.283544   0.213306   0.575172
-1.39601   0.12675   1.61865
-1.01254   -0.448074   0.145178
0.478385   0.0457111   -1.67341
2.50169   0.610196   -0.152687
1.58444   0.775069   -0.0486429
0.581886   1.1154   -1.04855
-1.82064   0.76845   -0.171484
-0.472714   1.04338   0.968005
