0.268561   -0.42954   0.104465
0.164381   0.302163   0.319091
-0.154583   -0.122708   -0.451232
-0.0540886   -0.189574   0.321143
-0.206136   0.325848   -0.22066
0.295661   0.43385   -0.307572
-0.201675   0.226895   0.277406
0.493983   -0.279864   -0.0614557
0.103112   0.302115   -0.258601
-0.290783   0.124434   -0.28857
-0.454018   0.261057   0.229996
-0.116821   -0.442341   0.322029
0.198689   0.153592   0.184626
0.194997   -0.171723   0.349143
-0.242453   -0.225   0.0342182
0.469232   0.00174317   0.428305
-0.0223793   0.464796   -0.33682
0.063003   -0.0442879   0.202363
0.0338671   -0.000954689   0.00331045
-0.415699   -0.0940364   -0.0433986
0.258121   0.405765   0.465435
-0.306121   0.139285   0.12432
0.136665   0.363657   0.0980126
0.438008   -0.216827   0.427986
-0.0259141   -0.322806   0.174548
0.130936   0.163198   -0.0808182
-0.43048   0.459387   0.16849
0.304968   0.374267   -0.106048
0.075076   0.338609   -0.480793
0.0978124   0.0968917   0.386741
0.218486   0.214424   -0.423286
0.0556681   -0.371713   -0.221242
0.423803   0.0794454   -0.07175
-0.45518   0.0188547   -0.213114
-0.142514   0.0571206   0.0633782
0.128986   -0.0168121   -0.311164
0.00362942   -0.464943   0.00635182
-0.394569   -0.380488   0.303515
-0.107557   0.0623576   -0.359435
-0.368107   -0.376276   0.0200617
0.240963   -0.0140269   -0.14359
0.245342   -0.347425   -0.249628
-0.437773   -0.118761   -0.384262
-0.369284   -0.130006   0.402931
0.458669   0.49855   0.416854
-0.49247   0.0731734   0.168062
0.35653   0.185099   -0.305065
0.0644352   -0.487092   0.417366
-0.190232   0.250843   0.0144112
0.332333   0.375389   0.220088
-0.259975   0.440678   -0.0172765
0.440731   -0.362306   0.22179
-0.0891591   0.286357   -0.391861
0.290878   -0.235873   0.125258
-0.266108   -0.108406   -0.274941
-0.127105   -0.0477157   -0.140716
-0.474052   0.439796   -0.0323822
0.378511   -0.114069   0.253363
0.105884   -0.234842   0.0039085
0.444734   -0.204835   -0.239225
-0.0234349   -0.289971   -0.486524
-0.0855039   -0.150896   0.0952964
0.316729   -0.0193597   -0.33808
0.268059   -0.386952   0.291345
-0.105469   0.422841   0.167331
0.253797   -0.00520535   0.477341
-0.22007   -0.347073   -0.332281
-0.464637   0.250913   0.445621
-0.0908406   -0.217825   -0.256399
-0.414926   -0.345429   -0.397638
-0.0160756   0.33124   -0.0866366
-0.086182   0.157143   -0.159799
0.0360886   -0.0645647   -0.483032
0.400641   -0.107576   0.0327321
-0.0716658   0.34505   0.384693
0.00401838   0.176855   0.178226
-0.255386   -0.215537   0.224022
-0.422833   0.248991   0.00830582
-0.108533   0.0249866   0.30038
0.450721   -0.477044   -0.376511
-0.293987   0.0094709   -0.457939
0.0757401   -0.185349   -0.176494
0.150751   0.486208   -0.102124
0.319016   0.145546   0.354155
0.392269   -0.459877   -0.141707
-0.473182   0.0994785   -0.404314
-0.365645   0.0908633   0.329779
0.400269   0.233667   0.0748256
0.262648   0.0379773   0.0483328
-0.24576   -0.274442   0.470868
-0.0966875   -0.310921   -0.0485539
-0.449511   -0.201259   0.151926
0.301817   -0.374454   -0.49266
-0.333297   0.475724   -0.21337
-0.253602   0.207102   0.484362
-0.435274   0.218473   -0.195124
0.0494965   0.499961   0.226174
-0.27582   0.0802065   -0.0694044
0.290464   -0.291173   -0.0763168
-0.301122   0.389824   0.319002
-0.358405   -0.289056   -0.203376
-0.447243   0.343828   -0.377592
-0.133297   -0.499101   -0.176057
-0.309822   -0.0535791   0.146085
-0.212703   -0.405287   0.162037
0.142821   -0.43095   -0.410969
-0.259144   0.438111   -0.474497
0.110636   -0.215447   -0.376576
