0.293085   0.0620353   0.407681
0.31949   -0.224494   -0.0739605
0.0463756   -0.0140603   -0.499552
0.360023   -0.00736557   0.142606
0.194679   -0.352058   -0.495542
-0.0964051   -0.0169716   0.261924
-0.118164   0.0867734   0.348117
0.0268408   0.260968   0.38016
0.281531   0.377325   -0.278991
-0.241705   -0.260984   -0.408349
0.0755122   -0.0877075   0.442344
0.236157   -0.123323   -0.412263
0.214902   -0.237035   0.439029
0.0623415   0.473022   0.219891
0.304397   -0.0350644   -0.0496699
0.350055   -0.336759   0.0620627
-0.0280349   0.0296611   0.257108
-0.498422   0.146304   -0.277542
-0.360758   -0.322026   0.203722
0.0985658   0.091699   0.43008
0.394774   -0.323931   0.322722
0.432536   0.496806   -0.42484
0.241677   0.341162   0.336112
-0.410415   -0.15826   -0.376578
0.207285   0.356271   -0.138882
0.386731   -0.177479   0.11349
0.0831071   -0.225751   -0.368842
-0.285693   0.153372   -0.214025
-0.351552   -0.150726   -0.136624
-0.480885   0.115885   0.392198
0.152656   -0.0864582   0.221223
-0.0120659   -0.352556   -0.358846
-0.47082   0.145192   0.310918
0.492083   0.247994   -0.492675
0.183916   -0.0426146   -0.165485
0.044919   -0.108442   -0.123721
0.312737   -0.0915833   0.424171
0.218114   -0.115391   0.167108
0.43713   0.140163   0.377111
-0.148463   0.342493   0.3658
0.15639   -0.348594   0.318352
-0.438663   0.210916   0.44483
0.424799   0.324791   0.207211
-0.404561   0.143442   0.361603
0.200203   0.17395   -0.128405
0.43129   -0.335688   0.064267
0.0174272   -0.445222   0.331372
0.321539   0.146471   0.0657012
-0.337688   -0.318126   0.0785668
0.114836   0.0192025   0.480302
-0.0284665   -0.18167   -0.101648
-0.303532   0.330392   0.421251
-0.146559   0.352349   -0.0851448
0.350635   0.0603347   0.0340345
-0.147361   0.279942   0.4279
-0.342897   0.32263   -0.0437767
-0.309263   -0.235413   0.138542
-0.100142   0.46986   -0.433183
-0.244299   0.39504   0.387066
0.0411092   -0.0416625   0.225105
-0.158627   0.452356   -0.0964922
0.412112   -0.349516   0.222331
0.333307   0.486975   -0.103626
0.166255   0.0592267   0.364474
0.10859   -0.150642   0.154051
0.0485981   0.294859   -0.194651
0.224179   -0.0973568   0.354988
0.279889   0.13027   0.334087
0.389155   -0.232586   0.00144376
0.411795   0.31405   -0.0871284
-0.197618   -0.0598434   0.264886
-0.00104131   -0.118968   -0.227784
-0.249621   0.260316   -0.225396
0.30238   0.064147   0.112412
0.244402   0.313201   -0.249029
-0.00926248   0.427003   -0.430919
-0.311851   0.498591   -0.343963
0.284434   0.157071   -0.150375
0.114544   0.49356   0.316749
0.0749142   -0.470233   0.0764628
0.396606   -0.432308   0.252723
-0.43018   -0.20654   -0.306301
0.185139   0.368406   -0.292194
-0.429092   0.11369   0.250503
-0.21302   -0.436192   -0.476485
-0.189668   0.441833   0.0833465
-0.406115   -0.410801   0.131459
-0.4641   -0.0243155   -0.282942
-0.494452   0.162631   -0.457695
-0.202856   -0.292098   -0.264567
0.154254   -0.124481   -0.135005
-0.330912   0.391599   0.498351
0.377737   0.0564935   0.490493
-0.345638   -0.111891   -0.308968
-0.392693   -0.0228674   -0.37578
0.269883   0.208153   0.384272
-0.0892822   0.183713   0.280228
0.0098685   -0.0593568   0.138218
0.292971   -0.0789099   0.109592
0.0500779   -0.188704   -0.155797
0.397589   0.193229   -0.0218695
0.46701   -0.151134   -0.335756
0.295428   -0.00850038   -0.173652
0.453433   0.29134   0.0505366
-0.292656   -0.162677   -0.447153
0.223806   -0.0909881   -0.214025
0.494202   -0.161382   -0.249498
-0.300399   0.268471   -0.477209
