0.475062   0.454509   -0.485827
-0.36655   -0.467416   0.452711
-0.464093   -0.216261   -0.231031
-0.408421   -0.402812   -0.257042
-0.0700463   -0.482507   0.40981
-0.00932317   -0.398041   -0.415063
-0.277542   -0.316576   -0.422183
0.15851   0.45455   -0.331121
0.241128   -0.370453   -0.459433
0.380753   -0.145448   -0.465199
0.233789   -0.297681   -0.296681
0.432331   -0.384487   -0.357042
-0.413148   -0.127899   0.400496
-0.300487   0.0332395   -0.498676
-0.482597   -0.0466642   -0.324178
-0.250396   -0.17718   -0.257462
-0.218254   -0.141705   0.448851
-0.043263   -0.014053   0.452516
-0.17142   -0.0272615   -0.361969
-0.0445315   -0.187138   -0.402757
0.163593   -0.195632   -0.483994
0.321045   0.103881   -0.454738
0.130159   0.0114463   -0.428971
0.288313   -0.0591736   -0.323788
0.469908   0.225722   -0.46929
-0.305475   0.332605   0.447769
0.369774   0.380043   -0.323735
-0.38091   0.319014   -0.383134
-0.12492   0.134021   -0.455578
0.0317523   0.315226   -0.46035
-0.247946   0.453103   -0.416092
-0.0272916   0.104567   -0.249017
0.166875   0.183236   0.471062
0.246378   0.360083   0.489104
0.176013   0.233573   -0.34707
0.385719   0.187739   -0.309513
0.498608   -0.499238   -0.0549591
-0.297249   -0.340386   -0.105561
0.46696   -0.272985   0.00366707
-0.310063   0.417915   -0.117487
-0.19636   -0.446437   -0.24883
-0.0053807   -0.34833   -0.231182
-0.199755   -0.356511   0.127045
0.00166132   -0.49719   0.00813115
0.295846   -0.464314   -0.180555
0.3555   -0.271154   -0.154134
0.151245   -0.238211   -0.117141
0.202317   -0.462672   -0.00436024
0.408839   -0.0464969   -0.158255
-0.268922   0.0157178   -0.184296
0.445058   -0.0296912   0.0450079
-0.334595   -0.143726   -0.0730612
-0.0935446   -0.300253   -0.034347
-0.0747666   -0.103693   -0.18609
-0.223089   -0.10503   0.100087
0.0584321   -0.11299   0.0132945
0.123626   -0.131656   -0.272911
0.200708   0.0663988   -0.207393
0.229154   0.037183   0.0567074
0.280496   -0.131374   -0.0423412
-0.430594   0.131369   -0.210904
-0.277619   0.251459   -0.216563
0.469147   0.286999   -0.137007
-0.356767   0.158509   -0.00402228
-0.114039   0.276697   -0.316536
-0.00944728   0.433133   -0.195583
-0.129238   0.309083   -0.0901877
-0.134018   0.101928   -0.0516749
0.129307   0.303703   -0.0569044
0.31823   0.374267   -0.0705376
0.154772   0.194091   0.130253
0.398371   0.216318   0.0215311
-0.381459   -0.436242   0.131466
-0.254262   -0.324244   0.334031
0.471323   -0.398213   0.320318
-0.272631   0.47081   0.301527
-0.0986052   0.494202   0.19776
0.08237   -0.306126   0.0947741
-0.0564376   -0.279199   0.397665
0.102922   -0.413899   0.256695
0.138079   0.414695   0.114508
0.310254   -0.35485   0.143748
0.273993   -0.308711   0.348869
0.3211   0.455518   0.346172
-0.487159   -0.26232   0.220751
-0.397701   -0.102425   0.198996
-0.486693   0.066471   0.387207
-0.495883   -0.272917   0.483447
-0.0649886   -0.194815   0.171383
0.0396957   0.00346287   0.160709
-0.146727   -0.0418143   0.273004
0.0840329   -0.139341   0.321433
0.202046   -0.176654   0.16895
0.295278   0.100674   0.24327
0.255205   -0.0479743   0.416195
0.376938   -0.0861915   0.253838
-0.451026   0.119578   0.174843
-0.440832   0.366277   0.0939979
0.494238   0.314442   0.325178
-0.337543   0.245854   0.281872
-0.206085   0.123765   0.185649
-0.0920351   0.29766   0.147648
-0.0940341   0.296354   0.342832
0.0878777   0.110781   0.313282
0.332169   0.291983   0.206124
0.35421   0.459943   0.108465
0.0918459   0.372748   0.309054
0.336955   0.212909   0.384761
