0.498563   -0.497682   0.496386
-0.341283   -0.344927   0.486391
0.484873   -0.331112   -0.334629
-0.366109   0.499576   -0.332254
-0.158593   -0.497352   0.481198
-0.00406628   -0.339638   -0.494499
-0.175387   -0.345128   -0.349804
-0.00708868   0.47873   -0.335231
0.180773   -0.480586   0.498312
0.338935   -0.318267   0.499361
0.170907   -0.340396   -0.340567
0.344152   0.474403   -0.333097
0.495889   -0.157756   0.495243
-0.330643   0.000811406   0.477472
0.498838   -0.0078189   -0.327578
-0.346352   -0.171158   -0.347391
-0.185497   -0.163527   0.48294
-0.00160995   0.0193056   0.489906
-0.16189   -0.00018307   -0.355674
-0.0123879   -0.17296   -0.333187
0.179511   -0.171357   -0.477001
0.33009   0.0133036   -0.48095
0.167101   -0.00229326   -0.337993
0.341126   -0.171735   -0.341556
-0.499682   0.182968   -0.497138
-0.331455   0.323313   0.474387
-0.499909   0.329493   -0.342262
-0.334272   0.167739   -0.343538
-0.177086   0.162928   0.482295
-0.0132957   0.320875   0.478374
-0.184315   0.354175   -0.357112
-0.00208773   0.180742   -0.343702
0.167082   0.169223   0.485922
0.340605   0.323046   0.495508
0.169222   0.323472   -0.347335
0.345192   0.14936   -0.325614
0.488488   0.493732   -0.147834
-0.346112   -0.339527   -0.176657
0.488053   -0.333641   0.000396316
-0.323424   0.481474   -0.012561
-0.189271   -0.480402   -0.182742
-0.0216677   -0.329913   -0.166691
-0.195883   -0.333521   -0.0127723
-0.0129376   0.492808   -0.000407899
0.160622   -0.488604   -0.159381
0.316942   -0.345618   -0.171166
0.167906   -0.325191   0.00943857
0.316282   0.48881   -0.000384888
0.47755   -0.187449   -0.157874
-0.317989   -0.0170268   -0.173785
0.492768   -0.0069458   -0.0188604
-0.343955   -0.174461   -0.02395
-0.1818   -0.179529   -0.179137
-0.0162997   -0.00295151   -0.178522
-0.166239   -0.0260481   0.00416727
-0.0083024   -0.17375   -0.00767848
0.171126   -0.187204   -0.17496
0.333848   -0.016117   -0.167053
0.152124   -0.0112588   0.0153999
0.326425   -0.181255   0.00893708
-0.49931   0.173958   -0.151528
-0.334047   0.325785   -0.175296
0.488815   0.319247   0.017841
-0.335825   0.146761   -0.0052264
-0.17   0.17135   -0.173039
-0.0127006   0.339448   -0.173919
-0.17466   0.322692   -0.0113975
0.0040953   0.141108   -0.00824808
0.175784   0.163352   -0.178555
0.335514   0.3297   -0.163384
0.181666   0.311079   0.0263315
0.338755   0.156797   -0.00571589
-0.481101   0.484302   0.153991
-0.331955   -0.335042   0.170733
0.489249   -0.31821   0.306932
-0.346157   -0.494242   0.323332
-0.192288   0.49618   0.150566
0.012249   -0.324942   0.162465
-0.183981   -0.332942   0.328226
-0.00878739   -0.495392   0.308399
0.146334   0.496785   0.148923
0.322675   -0.34805   0.16189
0.176848   -0.342857   0.328468
0.351005   0.498161   0.315923
0.495126   -0.158488   0.144502
-0.335824   -0.0262586   0.14899
0.484133   -0.0073399   0.341562
-0.357897   -0.167267   0.321832
-0.176344   -0.167981   0.167656
0.00902153   -0.0215531   0.168497
-0.180251   0.00553181   0.308333
0.0151282   -0.180118   0.34725
0.153141   -0.170995   0.177631
0.336882   0.0133847   0.17201
0.177246   -0.00504722   0.352394
0.333525   -0.168879   0.319698
-0.484693   0.145841   0.150131
-0.338225   0.315224   0.161767
-0.492836   0.331507   0.322659
-0.346338   0.146802   0.333722
-0.16048   0.152741   0.146425
0.00307024   0.311377   0.151157
-0.167779   0.331712   0.309795
-0.0147   0.155742   0.314746
0.159595   0.161817   0.186335
0.33941   0.32227   0.164892
0.168611   0.348753   0.321044
0.346245   0.183245   0.334566
