-0.101569   -1.16149   2.33566
2.04479   -0.287259   -1.0633
-0.0322555   0.143115   -0.0684139
2.31193   -1.2077   -0.354901
-0.44311   -0.521654   -2.39638
0.898077   0.974215   0.537443
-0.414404   0.0779518   -1.01931
-0.98794   1.27665   0.673468
0.456384   -0.916716   1.50571
1.64738   0.395401   1.18796
-0.33625   1.88479   -0.933976
1.42272   -0.0027254   -0.375336
-1.17764   0.9237   -1.46228
2.22881   0.399831   -0.234302
-1.81147   -1.57833   0.131196
-0.78024   -1.46493   -1.81776
-2.24369   -1.44579   -0.625924
1.48835   -0.916422   1.21804
-0.519682   2.07363   1.1634
-1.86046   -0.102957   0.959988
0.834187   1.08889   0.251181
-0.361401   -2.09361   0.523248
0.519626   1.70929   -1.03046
-0.181017   -0.693413   -0.19264
-0.275928   0.737836   -0.993311
-0.0852073   -1.54031   0.413978
0.574534   -0.8944   1.57627
1.82967   3.44778   -0.159405
-0.445802   -0.917253   0.826172
-0.74419   1.29877   -2.53423
-1.49358   1.17825   -0.160744
0.648517   -1.07739   1.3278
-0.455875   -0.763525   -0.188012
-0.222205   0.401572   -1.23505
0.747286   -0.138613   0.738042
2.88925   -0.905126   0.635254
1.10317   -0.189885   0.230194
0.153581   -1.32918   -0.202582
0.53493   1.12168   2.98291
-0.465386   -0.625986   -0.0947
2.62163   -0.249063   -0.21436
-1.00304   -0.641812   0.361808
-0.788321   -1.77696   -2.15027
-2.13737   0.586763   0.267841
0.857742   1.68384   -0.9285
-0.0376303   1.5877   0.407861
0.442833   -0.415735   0.0241329
-0.492491   -0.107204   0.119976
2.40554   2.17386   0.483142
-1.08817   1.31134   0.556204
0.0113497   -0.876731   -1.96488
-2.18373   -1.4579   -0.276932
-0.949431   0.565765   0.31006
2.17443   1.00756   2.80967
1.49173   1.2335   -1.15278
0.308413   0.111541   1.47633
-0.437923   -0.373844   -1.39197
1.64648   -0.537523   0.469224
0.848265   1.96716   1.52481
0.111439   0.536697   1.41268
0.081917   0.915969   -0.870041
-0.283359   -2.64602   -0.462254
0.441716   0.664584   -0.314643
0.685411   -1.42491   -0.890806
1.21889   1.75736   0.838526
-0.157852   -1.41423   1.58673
-1.72995   1.79941   0.916194
2.19967   1.328   -0.209177
-0.174259   0.154138   -1.94253
-0.282602   -0.594332   -0.454016
0.470358   0.065322   -0.0754748
0.876104   -1.33887   0.619061
-0.0356191   -0.0931554   0.35269
-0.425003   0.27023   -0.878103
3.36611   0.685765   0.213292
0.221949   -1.8261   0.847615
-0.147227   -1.21751   0.209565
-1.95595   0.0615045   1.31484
-1.66473   0.492673   -0.893745
1.23685   0.993197   -0.769288
-0.0811527   -0.107613   -2.10591
0.828463   0.439406   -1.43512
-1.25937   0.810513   -0.489289
0.589109   -2.2769   1.2919
-2.51707   0.325506   1.33897
-1.52712   -0.742562   1.53049
-0.965851   -0.818918   -2.47891
-0.207867   -0.692362   -0.605223
-0.0151385   -0.180605   1.61149
-1.89317   -1.9348   0.55053
0.0904635   1.04492   0.562752
-0.45628   0.0738616   1.34673
-0.88302   0.0404737   -0.605853
-1.93497   1.7188   1.0051
-0.31687   1.41924   -0.504707
1.05604   -1.22574   -0.928994
-2.01136   -1.0726   0.558767
-0.807042   -0.402425   0.0117148
1.4907   0.070299   0.773438
-0.0557616   -0.275434   -1.6818
-0.571178   1.43403   -0.95917
1.51982   3.03314   0.195821
-0.167489   0.339018   -2.2516
-1.01006   0.934313   -1.90368
-0.8972   -1.33523   0.949958
-2.88073   -1.15992   0.0321051
0.060181   -2.08534   0.279319
0.185872   -0.693703   0.553835
