-0.319753   0.0243914   -0.123677
-0.436649   -0.481845   -0.283465
-0.0131288   -0.286995   0.486336
-0.174208   -0.487995   -0.27373
-0.0503445   -0.364799   0.141252
-0.330886   0.0163922   0.0835579
0.255745   -0.167666   0.182821
0.401658   0.271797   -0.0101581
-0.0482352   0.391007   -0.391592
0.332127   0.0238618   0.414715
0.213193   -0.311362   0.493325
0.00411952   0.426803   -0.0817298
0.218515   -0.333107   0.0593978
-0.433335   -0.203599   0.37947
-0.423648   0.139655   0.340501
0.36261   -0.18674   -0.384939
-0.0268486   -0.0487813   -0.496019
-0.104186   -0.134785   0.249311
0.387043   -0.00514885   0.000681572
-0.242854   -0.265096   0.382837
-0.0282848   0.159365   0.321367
0.0193805   -0.148863   -0.0833685
0.422782   0.363373   -0.266538
-0.408578   0.314295   0.274921
-0.497325   0.161022   -0.14802
0.172126   -0.118245   -0.457348
-0.39185   0.337461   -0.169816
0.0133892   0.215089   -0.100979
-0.371103   -0.024526   -0.483842
0.0405752   -0.352668   -0.0322398
0.0900732   0.415783   0.299865
-0.300495   -0.3188   -0.260705
0.105152   0.497747   0.141427
0.433153   -0.357597   0.396844
0.0586266   -0.200058   -0.324835
-0.33674   -0.491874   0.289224
0.310227   0.14106   -0.404275
-0.17558   0.287283   0.192412
-0.21788   0.35818   0.383317
0.377992   -0.465399   -0.157374
0.048755   0.49741   0.474109
-0.0137834   0.054872   0.0276098
0.273438   -0.405252   -0.355164
-0.0693656   0.0405459   -0.144465
0.00241542   0.242264   0.120661
0.315876   0.0226892   0.182568
-0.0822861   -0.444524   0.332938
0.14612   0.0371662   0.394018
0.135195   -0.378708   0.324342
0.45403   0.394397   0.412892
-0.362085   -0.180666   -0.0723669
0.410364   -0.275727   -0.0175893
0.180768   0.191614   0.229829
-0.181046   -0.00691489   -0.332693
0.489555   0.472764   0.181543
-0.225692   0.231818   -0.470949
0.0640393   -0.422169   -0.272522
0.458775   -0.0751178   -0.172748
-0.160199   -0.11047   0.038641
0.0749455   0.0123758   0.206786
0.471639   -0.372411   -0.407996
0.301341   0.469237   0.0691527
-0.186773   -0.129381   -0.172229
0.077499   0.225188   -0.297111
-0.139651   -0.445198   -0.474752
-0.177251   -0.235549   -0.40264
-0.474122   0.259664   -0.450534
0.159678   0.0193199   -0.147476
-0.18268   0.186471   0.0082787
-0.365482   0.124457   -0.332218
-0.218098   0.116184   0.360635
0.242359   0.458137   0.409748
-0.476714   -0.138738   0.147057
0.0737908   0.0268822   -0.325441
-0.487044   0.480165   -0.0367266
0.209503   0.426336   -0.194821
-0.205558   0.278497   -0.215728
0.0854258   -0.156472   0.326551
-0.334953   -0.368064   -0.449565
-0.317123   0.421109   -0.419982
0.319591   -0.414417   0.241814
0.232277   0.145204   0.0374841
0.475338   -0.296165   -0.216852
0.3526   -0.17677   0.374664
-0.146726   0.0839859   0.17042
0.259698   0.226381   -0.19698
-0.390217   -0.129684   -0.291054
-0.45104   -0.344003   0.183098
0.319109   0.341481   0.213118
-0.0338798   0.155795   -0.473124
0.180649   0.330616   -0.0237749
-0.373218   0.223605   0.00642242
0.156539   0.22427   0.478675
0.480728   0.181287   0.143746
0.445213   0.0027684   -0.39841
-0.300313   0.436474   -0.0235813
0.334242   0.223194   0.406156
-0.0821316   0.43606   0.116545
-0.244262   -0.405084   0.113647
-0.296141   -0.188747   0.158498
0.479186   -0.0243743   0.283345
-0.283604   -0.0731501   0.322848
0.196692   -0.0903826   0.0260646
-0.0318972   0.319158   0.437858
0.251615   0.388296   -0.394111
0.215819   -0.263647   -0.183067
-0.0899   -0.284274   -0.209694
0.0539197   -0.201288   0.122938
