0.132514   0.481992   -0.265631
0.0883272   0.162633   0.387999
-0.0554542   -0.127218   0.053213
-0.0138175   0.146538   -0.0290049
-0.157372   0.145331   0.376491
-0.130823   -0.160693   0.424942
0.159883   -0.233191   -0.373554
0.448734   0.411153   0.143543
-0.312286   -0.374456   0.194075
0.329984   -0.472219   0.395696
-0.400973   0.356382   -0.262821
0.0262685   0.305568   -0.0713777
0.473577   0.132228   0.271612
-0.463101   0.0927383   0.383697
0.00340656   -0.028266   -0.289247
0.351966   0.390153   0.189628
0.114166   0.216762   0.280011
-0.223247   0.189704   -0.397495
0.436482   0.311089   -0.35217
0.124004   0.354738   0.2375
-0.00470064   0.459182   0.0355983
-0.385162   -0.325993   0.192356
0.410285   -0.455071   0.128057
0.180452   0.175843   0.16626
-0.111303   0.47475   -0.163488
-0.34244   0.0519572   -0.101549
0.319571   0.10924   0.484443
0.356552   0.394379   0.0446121
-0.0137669   -0.406383   0.252779
0.428902   -0.49584   0.264405
0.102196   -0.00274312   0.367792
0.147047   0.111113   -0.278414
0.102198   0.480839   0.320707
0.0910949   0.0649262   -0.0897044
0.00460722   0.17918   0.495452
-0.202963   -0.390582   -0.134088
0.236771   0.28436   0.225031
0.213037   0.154961   0.425407
0.167185   -0.0903367   0.350638
-0.174945   0.267222   -0.18422
-0.390784   -0.428004   -0.134023
0.468475   0.16677   0.18652
0.274042   0.405189   -0.407268
0.448856   0.480283   -0.277618
-0.138894   0.062449   0.384893
-0.204255   -0.223551   -0.3988
-0.373348   -0.234688   -0.186875
0.422758   -0.39787   -0.242154
-0.388527   0.259265   0.209293
0.0937043   -0.100942   -0.219534
0.288946   0.409509   0.262188
0.425193   0.173806   -0.0683353
0.414774   0.383988   0.267706
-0.410719   0.0346167   0.422268
0.467463   -0.252418   -0.101434
0.325895   0.072561   -0.239539
0.0984891   -0.275207   0.381259
-0.0326514   -0.252679   0.218077
0.0499505   -0.34426   0.0922692
0.102709   0.330547   0.126581
-0.471886   -0.137199   -0.252165
0.131553   -0.477901   0.12992
0.270977   -0.435523   0.484441
0.380339   0.0749335   -0.18403
-0.0659051   0.219645   -0.112476
-0.486674   -0.0718596   0.356215
-0.307983   -0.300005   0.250327
-0.010738   0.297045   -0.27869
0.481405   0.188232   -0.498169
-0.189634   -0.101951   -0.241346
-0.112156   -0.459207   -0.208691
0.201504   0.098659   0.284297
-0.0217059   0.315786   -0.151271
-0.0437936   -0.365002   -0.232156
0.423553   -0.418403   -0.445361
-0.224069   0.197655   -0.209247
0.26446   0.326257   0.128065
-0.388843   -0.141458   -0.142756
0.445724   -0.128856   0.312185
0.0631665   -0.476614   0.20464
0.176474   0.033468   0.345617
0.350406   0.228121   -0.0621786
-0.34057   -0.102188   0.377441
-0.296513   0.492222   -0.159035
-0.191421   -0.216263   0.0706745
-0.168087   0.455967   0.0112671
0.0746271   0.0809563   0.362077
-0.0443249   -0.189293   -0.227811
-0.0352682   0.393492   -0.247383
-0.485243   -0.213979   -0.216811
0.144452   -0.0837051   -0.493437
-0.451852   0.0955721   0.479068
0.0305265   0.141636   0.305045
-0.0809192   0.0477146   -0.104143
0.458592   0.325325   0.116795
0.237372   -0.247621   0.291815
0.390613   -0.109795   -0.244508
0.252285   0.492685   0.269612
0.22465   -0.0447978   0.490101
0.141048   0.394768   0.416519
0.404251   -0.159398   0.22913
0.106491   -0.129882   0.105874
0.351899   -0.45751   -0.0565737
-0.22009   0.243304   -0.0486596
0.262022   0.0613012   0.451789
0.296346   0.00779595   -0.283244
-0.0387239   -0.488877   -0.181328
0.402235   0.023384   0.0608129
