0.449962   0.499691   0.490375
0.43028   -0.0919554   0.242149
0.244321   0.242483   0.457088
-0.29064   -0.188642   0.228166
0.425963   0.231998   -0.16242
-0.134397   0.260923   -0.0560937
0.101225   -0.400675   -0.0609275
-0.0921121   0.237754   0.0698518
0.401869   0.49545   -0.350984
0.197919   0.0715236   0.309498
0.152212   0.479789   -0.443592
-0.45429   -0.0775901   -0.388271
0.0192355   0.353083   -0.0688729
0.300911   -0.388224   0.0427221
0.13381   -0.393726   0.0179283
-0.203275   -0.317442   0.240708
0.071931   0.192294   0.315999
-0.0677682   -0.31364   -0.0911979
0.0892356   0.0748543   0.443116
-0.0882705   0.451898   0.0154047
-0.476917   0.19547   -0.135187
-0.292765   0.267725   0.0205364
0.163744   -0.0215528   0.424017
-0.0301219   -0.434547   0.245002
-0.231753   0.295953   0.219128
0.346875   -0.0327784   -0.137888
-0.354486   0.212336   0.00820507
-0.311162   -0.187289   0.315044
-0.310171   0.303456   -0.0563879
0.201839   -0.242214   -0.0115201
-0.347453   -0.473475   -0.283825
-0.188952   -0.413318   0.368636
-0.364418   0.0987753   -0.302136
-0.0989289   0.305111   -0.235449
0.230869   -0.264207   0.196928
-0.363248   -0.380178   0.184422
0.430046   0.050285   0.137673
-0.213637   -0.278565   0.137181
0.07082   0.310143   -0.150505
0.338813   -0.0069965   0.325084
-0.390475   -0.330379   0.293858
0.256201   0.0500943   -0.0330755
0.0464389   0.309335   -0.3636
-0.256509   -0.106626   -0.122462
0.322602   0.0635416   -0.237058
-0.447058   -0.263332   0.10046
0.436286   0.368225   -0.205258
-0.212306   -0.294167   0.380029
-0.302775   -0.0315037   0.46631
0.0148319   -0.0849078   0.292107
-0.449073   -0.255458   0.342026
-0.243145   -0.0615017   0.423138
-0.142937   0.111799   0.263392
0.442293   0.198376   -0.257634
-0.44984   0.204142   -0.282201
0.312378   0.044501   0.0351439
0.477755   0.228883   0.10652
0.0313213   -0.125669   -0.0599072
0.476295   0.349422   0.45452
0.333894   0.0756627   0.243808
0.473161   0.224163   0.421211
0.386016   0.139401   -0.163285
0.0364179   0.188546   -0.464548
0.148491   0.174659   0.261647
-0.0745628   0.221582   0.148521
0.187432   -0.316537   -0.0898335
-0.0669753   0.137104   0.114734
-0.434824   -0.498114   -0.277624
0.108006   0.461132   0.373109
-0.130651   -0.327154   -0.13706
-0.379274   0.198386   -0.0909
-0.305823   0.128259   -0.230138
-0.0682379   -0.485301   -0.0603824
0.451033   0.409526   -0.479848
-0.372248   -0.398696   -0.325896
0.409065   0.301193   -0.487478
-0.374353   0.30412   -0.272472
0.152688   -0.469628   -0.331537
0.468641   -0.310356   0.0938401
-0.321592   -0.427661   -0.214945
-0.125467   -0.0681952   -0.2587
-0.439391   0.378396   0.0475198
-0.347174   -0.341284   0.36271
0.0849211   -0.177393   -0.0616897
-0.276173   -0.234245   -0.356026
0.000551726   -0.336679   0.381542
0.436435   -0.414557   0.161727
0.259247   0.0594984   0.179742
-0.057039   0.240462   0.460825
-0.477486   -0.465632   -0.205051
0.261897   -0.0230107   0.255978
0.247529   -0.432434   0.435568
-0.172917   -0.106656   0.286052
0.0908609   -0.28044   -0.143544
-0.117744   -0.440971   -0.319636
0.383584   0.135111   0.0892593
-0.374456   0.395233   -0.262419
0.229498   0.00963355   0.0807753
0.373522   0.0658014   -0.0381597
-0.370076   -0.269754   0.39945
0.410818   -0.0196488   0.30362
-0.346667   0.388176   -0.454975
-0.00135794   -0.444247   -0.0524842
-0.0967378   -0.0634267   0.142246
0.401046   0.495759   -0.00154562
0.218166   -0.162816   -0.0124294
-0.237468   -0.190672   0.386927
0.192003   0.070742   0.132153
