-0.481734   -0.473673   -0.485323
-0.320948   -0.329202   0.486998
0.493821   -0.319668   -0.331789
-0.319513   -0.487429   -0.346718
-0.164587   -0.49212   0.487543
-0.00707354   -0.329218   0.499263
-0.154878   -0.347729   -0.343865
-0.00108153   0.480236   -0.342431
0.163486   0.491678   0.499115
0.329198   -0.344537   -0.488395
0.163168   -0.340614   -0.328717
0.321458   0.489342   -0.332345
0.49867   -0.141362   -0.497985
-0.327081   -0.0195246   0.487894
-0.496151   0.0174168   -0.315367
-0.331798   -0.172723   -0.342359
-0.160938   -0.163135   -0.484737
-0.0266386   -0.0023007   0.497868
-0.178283   0.00166863   -0.326438
0.0099713   -0.16363   -0.326583
0.158851   -0.164374   -0.489706
0.348933   0.0144529   -0.489353
0.157386   -0.00120488   -0.357071
0.326778   -0.1617   -0.34362
-0.496463   0.171339   0.473175
-0.335711   0.330376   0.488323
0.49539   0.3492   -0.328915
-0.328526   0.178289   -0.330805
-0.181816   0.174992   0.490029
-0.0150404   0.327594   0.49667
-0.174901   0.336753   -0.350137
-0.00905254   0.1635   -0.352214
0.148861   0.162889   0.496368
0.355897   0.348945   0.48979
0.151693   0.331135   -0.344751
0.345848   0.179371   -0.313167
0.474118   0.494727   -0.170948
-0.332205   -0.337338   -0.177403
0.496133   -0.335409   -0.0232653
-0.331969   0.497347   -0.0149213
-0.134728   0.465083   -0.17528
0.000143139   -0.32454   -0.181639
-0.166157   -0.353384   -0.0251082
0.00793569   -0.489399   0.0136848
0.161334   -0.49292   -0.171573
0.318345   -0.32118   -0.174506
0.176241   -0.32704   0.0167307
0.337304   -0.494186   -0.0112244
0.495792   -0.164301   -0.182495
-0.340948   0.00528036   -0.135859
0.494393   -0.0164553   0.011181
-0.344359   -0.171007   0.00153325
-0.175233   -0.178849   -0.173434
-0.0132011   0.0123201   -0.160383
-0.162505   -0.0128418   -0.00740694
0.00149455   -0.199411   0.00181183
0.174265   -0.151956   -0.161643
0.341894   0.00673698   -0.180642
0.130194   -0.0152135   -0.00242382
0.332685   -0.17629   -0.00597496
-0.481386   0.186067   -0.153896
-0.315325   0.339103   -0.172646
-0.492923   0.35045   -0.0120569
-0.335947   0.157807   0.0134224
-0.164289   0.18132   -0.144338
0.0206518   0.315338   -0.152513
-0.152303   0.344208   0.0316254
-0.00579092   0.161581   0.0297005
0.157486   0.150608   -0.150187
0.309994   0.320173   -0.158917
0.16592   0.323126   0.0117829
0.32828   0.158467   -0.000760327
0.469515   -0.47921   0.156045
-0.331157   -0.341039   0.156208
-0.49525   -0.310718   0.342807
-0.358524   -0.488745   0.322657
-0.159091   0.499082   0.189273
0.00667815   -0.333629   0.177378
-0.149658   -0.313818   0.33399
0.0091537   0.49872   0.358193
0.170263   0.495647   0.174193
0.329504   -0.320065   0.182948
0.163601   -0.332191   0.338751
0.342451   -0.487981   0.329431
-0.490695   -0.173893   0.167448
-0.31786   -0.0163393   0.162178
-0.494802   -0.0113817   0.314171
-0.305664   -0.17202   0.320005
-0.154073   -0.183701   0.146352
0.00581738   0.00145996   0.188903
-0.174493   -0.0118016   0.334248
0.00896058   -0.153187   0.341481
0.173653   -0.142924   0.173496
0.327646   -0.00876954   0.150991
0.195372   -0.0100942   0.359008
0.327251   -0.180008   0.345355
0.498892   0.16069   0.169411
-0.339954   0.338722   0.173202
0.488355   0.325917   0.30763
-0.341477   0.160074   0.323119
-0.154773   0.158656   0.175834
0.00760558   0.340306   0.180132
-0.178187   0.342217   0.338098
0.000747747   0.15464   0.328386
0.162563   0.155078   0.167806
0.342235   0.326033   0.1477
0.166708   0.342888   0.340252
0.316158   0.16833   0.332646
