-1.13331   0.0602017   -1.40834
-0.760482   0.258793   -0.700642
-1.46627   -1.6182   -0.260768
-1.05495   -0.0669901   0.238832
-0.574392   -0.439164   0.370125
0.670966   0.403202   -0.819844
-0.469488   0.183804   0.688118
-0.835343   -0.894707   -0.497745
-0.874939   -0.504854   -0.266423
0.349125   -0.450503   1.2644
-1.26751   -0.28215   -0.850087
0.478465   -1.23808   -0.766217
-0.317681   -0.663919   -0.975562
0.536289   0.185429   1.51397
-1.03718   0.928019   0.00203942
-0.883032   1.20171   -0.432417
-0.664039   0.678515   -0.819583
0.109348   1.39682   0.20023
-0.228313   -0.152856   -0.173163
0.635626   -2.14471   -0.798304
1.5773   0.86139   0.252764
0.218512   0.810309   0.264156
1.18185   -1.07229   0.290321
-0.195527   0.162724   0.209437
-1.26222   0.344999   -0.0882699
-1.08148   -1.12653   -0.767822
-0.0690643   -0.583014   -1.12866
1.30205   -1.19737   -0.774425
-0.51549   0.882084   0.329647
0.906447   0.398596   -1.06808
0.849528   -0.407355   -0.813558
0.262639   -0.0166685   -1.51786
-0.0853542   0.496421   -0.366199
0.0164175   0.251384   -0.802834
0.0804922   2.42821   -0.510759
0.411356   -1.24972   -1.10071
0.705137   0.568273   -1.23615
-0.227871   0.0287001   -1.57188
1.60266   0.289371   0.248715
-1.24629   0.522639   -0.0089765
-0.232442   0.760527   1.86365
0.711881   -0.809011   0.386626
-0.340052   0.146705   0.391431
1.41689   1.06287   0.404366
0.960659   -0.197127   0.848234
0.959083   0.129607   -0.336775
-0.49407   -0.428329   0.0502036
-0.185896   -0.197025   -0.314945
-0.86888   0.242302   -1.95156
-1.0757   -0.0399969   1.07337
0.248714   1.29114   0.462562
0.338151   1.01228   0.419045
1.38711   -1.21531   1.17108
-0.401325   -1.19842   1.22454
-0.295976   0.068772   0.632273
-0.469444   -0.464958   0.834696
0.403614   -0.668298   2.58792
1.04407   -2.09514   1.55521
-0.96598   1.63531   -1.13052
-0.200589   0.503002   -1.09027
0.490281   -0.272418   -0.678035
0.065254   -0.216619   1.0933
0.776146   -0.595475   -1.87997
-0.484486   0.81873   -1.61647
-0.402871   1.13626   0.363594
0.0259706   -0.768143   0.220813
0.27622   0.261825   -0.467325
0.911162   -0.0937065   0.92457
-0.189524   1.19809   1.09059
1.55624   0.864482   0.483293
-0.0635259   -0.947794   0.553855
-0.594984   0.0959453   0.134589
1.56321   -0.446426   -0.639093
-0.838298   -0.302008   -0.504776
0.173687   0.0810888   1.04802
0.0370141   0.948875   0.438194
-0.0711851   0.592084   0.136108
0.335362   0.580728   -0.479427
0.465501   0.122077   -0.224718
-0.829505   1.10542   0.0510188
-0.925401   1.33756   0.438391
0.0584419   1.23369   0.290274
1.64552   -2.33673   0.333642
-0.310618   0.474731   0.510897
1.20183   0.668237   0.0736619
0.816382   -0.934098   -0.765043
0.164718   0.812009   0.623931
0.521675   -1.40844   0.655149
0.460848   0.168278   0.34658
-1.0785   0.496962   -0.52373
-1.0287   -0.984807   0.488882
-0.478755   -0.745115   0.394687
0.518142   0.712482   0.321029
1.08014   0.259983   -0.0413081
-0.602693   0.186981   2.03514
1.08611   1.74518   -0.122717
-0.0591137   -0.0603169   0.406024
-1.34615   1.00705   -1.64133
-0.192546   -1.84389   1.76
1.18972   0.131696   -0.0340875
0.0613135   0.612014   -0.0716067
0.389364   0.589691   -0.310968
-1.20257   -1.20081   -0.243741
-1.77878   -0.295292   -0.0573104
-0.31043   -0.780801   0.735901
-0.182112   -1.62797   -0.397419
-0.424245   -0.62646   -0.43075
-0.0590721   -0.526236   0.749085
