0.429002   0.417368   -0.334516
-0.412413   -0.425709   -0.345174
0.430883   -0.419517   -0.143795
-0.388355   0.455963   -0.176715
-0.207627   0.416236   -0.317383
-0.0523715   -0.408813   -0.34591
-0.2388   -0.390723   -0.178363
-0.0393382   0.427625   -0.183087
0.0982459   0.426964   -0.383984
0.234819   -0.436983   -0.372331
0.119493   -0.404627   -0.191893
0.282905   0.414418   -0.164546
0.407095   -0.280182   -0.311302
-0.384313   -0.070297   -0.335884
0.471395   -0.104336   -0.191305
-0.402529   -0.2675   -0.173111
-0.238302   -0.228864   -0.330431
-0.060652   -0.0935646   -0.379692
-0.254989   -0.0990953   -0.164553
-0.0614447   -0.238686   -0.178632
0.0881179   -0.250444   -0.347164
0.281716   -0.104357   -0.313003
0.111114   -0.0882357   -0.175124
0.260701   -0.238198   -0.140076
0.483881   0.0960454   -0.336768
-0.364929   0.23343   -0.319061
0.466389   0.276054   -0.178544
-0.381487   0.0770415   -0.17027
-0.208755   0.0591549   -0.344856
-0.0627641   0.23871   -0.324454
-0.18786   0.233859   -0.163768
-0.064827   0.0494567   -0.166397
0.104813   0.0841034   -0.298322
0.25703   0.252419   -0.357687
0.103165   0.279616   -0.172943
0.290567   0.0759477   -0.191006
0.448534   0.424088   -0.00626809
-0.391534   -0.403707   0.012728
0.46948   -0.409339   0.195508
-0.399185   0.39503   0.151309
-0.213692   0.410421   -0.0464811
-0.0647923   -0.400142   -0.0152435
-0.215496   -0.425095   0.15698
-0.0658586   0.380642   0.207084
0.0860306   0.415437   0.00885153
0.305139   -0.422823   0.0209457
0.101872   -0.41131   0.188534
0.273103   0.40254   0.16024
0.451261   -0.222446   0.0321473
-0.383189   -0.077675   -0.000762507
0.418912   -0.0706282   0.168661
-0.36157   -0.253112   0.180084
-0.233671   -0.258518   0.00487075
-0.069132   -0.120445   0.0100211
-0.220644   -0.0820006   0.15517
-0.0554608   -0.262214   0.165972
0.117955   -0.231581   0.0275029
0.281772   -0.0658555   -0.0152035
0.106219   -0.0579897   0.169505
0.28246   -0.240573   0.188218
0.452026   0.078804   -0.029741
-0.400806   0.241522   -0.00195404
0.43507   0.249351   0.167087
-0.38719   0.082101   0.145142
-0.216396   0.0681222   -0.0120949
-0.0467026   0.229012   -0.0091077
-0.225359   0.23625   0.140664
-0.0587926   0.0715361   0.166139
0.0934154   0.0684324   -0.00962191
0.28803   0.251377   -0.0193711
0.112409   0.242348   0.131951
0.270241   0.0864522   0.148606
0.457582   0.418128   0.359363
-0.395468   -0.423542   0.346446
0.424368   -0.386858   -0.497892
-0.38137   0.407773   -0.463549
-0.263752   0.415467   0.337972
-0.0980226   -0.428802   0.33518
-0.22152   -0.413795   -0.469764
-0.0827638   0.405411   0.478495
0.102392   0.412762   0.314862
0.265426   -0.434475   0.324647
0.0834835   -0.426297   0.459549
0.277604   0.41638   0.472335
0.446904   -0.222975   0.330963
-0.410041   -0.0668493   0.311071
0.443386   -0.0785419   -0.464685
-0.419556   -0.257653   -0.477334
-0.239572   -0.257329   0.366941
-0.0838986   -0.0697982   0.337806
-0.26396   -0.0755436   0.473438
-0.0534213   -0.266741   0.483279
0.115633   -0.211645   0.318718
0.275217   -0.0350311   0.312813
0.102107   -0.0727908   0.484681
0.261589   -0.256265   0.470072
0.444401   0.0756777   0.368382
-0.411562   0.24565   0.317922
0.447997   0.277617   -0.488411
-0.389813   0.130839   0.491884
-0.258532   0.0891172   0.322559
-0.0675296   0.232311   0.356929
-0.220098   0.238895   0.49617
-0.0316567   0.0969027   -0.483642
0.0931652   0.0988341   0.342282
0.275448   0.248907   0.324861
0.0985205   0.267445   0.490602
0.253307   0.0731466   0.493687
