0.303884   -1.24056   -1.1139
1.63647   1.19769   0.743054
2.09325   -0.942871   -0.810582
-0.194124   -0.265131   0.444947
0.0571941   -1.66944   0.198578
-1.18255   -1.75521   0.410664
0.0751217   1.14412   -1.12935
0.40198   1.21918   -0.127906
0.860315   -0.662484   2.17575
0.875436   2.26104   2.35404
0.619992   1.19286   -2.72085
-0.0051376   -0.582533   1.53128
0.845365   -0.8509   0.734586
1.7305   0.164894   -1.16497
0.444913   1.40242   -0.436879
-1.97343   1.00697   -2.18914
0.971587   0.817375   1.04552
2.67944   -0.911187   2.2572
1.47915   0.947888   0.723424
1.30947   -1.43566   1.92675
0.0734948   -0.540577   -0.708566
2.32809   0.0890747   0.598891
1.67982   0.187931   1.34794
2.58869   -0.338303   -1.03086
-1.37718   -0.321366   0.425256
-0.138799   0.413652   0.335328
3.05798   -0.5135   0.151196
-1.94795   0.806477   0.821681
-0.427298   -2.31358   -1.37986
-1.21284   -0.285866   -0.418195
-1.15635   -0.0570533   1.30896
1.29948   0.663586   0.0891567
0.68975   1.7976   1.13186
-0.364749   -1.35623   1.05224
0.776577   0.972706   0.951788
0.29922   -1.71261   -1.04201
-0.361764   2.29773   -0.706454
0.423243   0.0786963   -0.0602687
-0.331538   0.0603603   0.57164
-1.53178   1.75537   1.32331
0.399381   -2.1587   2.14206
2.58341   0.19659   0.942031
-1.05956   -0.607835   -0.974948
-2.0502   0.289062   -0.47566
-0.206037   -1.64745   -0.549355
-0.306068   0.659248   0.00155883
-0.821374   -0.983362   1.17514
-1.5253   -1.40584   0.321222
-1.26163   0.852076   -1.37806
-2.08144   -0.3694   -0.0200471
-0.869164   -1.7714   4.02847
-1.94195   -1.22509   0.520217
-0.906733   -0.432489   -0.236423
-1.75345   1.79883   0.91127
1.19006   -1.53075   0.78734
0.35525   -1.76567   0.355528
-0.00656632   -2.48814   0.0360044
-0.256686   1.64727   0.351978
1.31468   0.585476   1.03372
0.448795   1.67324   -1.13841
-0.867303   2.70361   -0.996545
-0.391204   0.500445   -1.72804
-2.53356   0.859244   -0.653759
2.79251   1.14435   0.837715
0.0836843   0.810529   -1.5456
-1.07579   0.469496   0.401527
-0.789332   3.2167   0.325635
1.08199   0.37612   -1.85748
-2.14   -0.400636   -1.61101
-1.05178   0.912416   -2.1611
1.62151   -3.47504   -4.06392
0.727191   1.82283   -0.518748
1.01574   -0.643093   0.501022
0.0521553   -0.373907   1.55969
0.0508439   -0.210209   -1.28669
0.394862   0.659416   -0.839689
-1.34195   -0.785942   -0.839432
-1.19249   0.275337   -0.137003
-0.569404   1.97977   1.23795
1.24948   -0.430292   -1.23182
-1.71551   -0.0574137   -1.8354
-0.175461   -1.46465   -0.429791
-0.446423   -1.29947   1.82252
0.150835   -1.02238   -1.48788
0.526575   -2.10242   -1.11798
0.526366   1.36224   -1.66752
-1.12706   -0.0819243   -0.976468
-1.60942   0.180822   0.246971
-0.981982   -0.52382   0.767137
-0.586205   1.59875   1.04537
0.566873   0.102582   0.0959123
-0.245283   0.482318   1.67363
0.425063   1.92991   -0.308827
-0.55067   -1.24397   -0.534719
1.53302   -1.82974   1.43022
-0.260637   -1.60373   0.316325
2.08061   2.64986   0.528767
1.0415   0.732267   -0.497236
-1.57044   -0.522553   -1.31742
0.599491   -0.497873   -0.550247
0.877956   -0.693759   -0.584022
-0.256859   -0.84201   -0.000179499
-0.150506   -0.483968   0.664711
-1.60183   -0.326993   -0.354758
1.0412   0.6784   0.291746
-1.10231   1.63689   -0.946567
-1.45864   1.60577   -0.155213
-1.28776   -1.8125   1.03933
