-0.384353   0.00150447   -0.380415
-0.202684   0.169154   -0.405066
-0.376696   0.152849   -0.216042
-0.195999   -0.0168222   -0.232389
-0.0176701   -0.0236033   -0.404077
0.125575   0.160572   -0.40633
-0.0370846   0.148272   -0.218328
0.14506   -0.00903673   -0.246358
0.277491   -0.00756819   -0.402743
0.440481   0.169522   -0.407624
0.295364   0.157736   -0.229997
0.450776   0.000810221   -0.250254
-0.376725   0.310523   -0.403511
-0.214657   0.487092   -0.395386
-0.374403   0.460041   -0.23983
-0.206219   0.32222   -0.244976
-0.0243902   0.306868   -0.389323
0.114904   0.47559   -0.404587
-0.0528601   -0.496111   -0.258105
0.114989   0.329952   -0.220593
0.274636   0.32602   -0.409753
0.45395   0.472054   -0.401644
0.263477   0.486946   -0.237679
0.445066   0.331566   -0.223872
-0.382225   -0.348739   -0.407967
-0.196989   -0.174763   -0.409522
-0.393467   -0.184718   -0.237966
-0.22662   -0.321367   -0.24937
-0.0364671   -0.336495   -0.410065
0.131322   -0.176925   -0.407061
-0.0387392   -0.171275   -0.221808
0.128759   -0.328832   -0.253146
0.291614   -0.370304   -0.404942
0.450128   -0.17307   -0.393795
0.291063   -0.192087   -0.221695
0.453986   -0.374009   -0.241824
-0.375839   -0.00809627   -0.0638753
-0.214575   0.157701   -0.0670363
-0.373247   0.141193   0.109713
-0.216365   -0.0171941   0.0830219
-0.0275795   -0.00655304   -0.0665508
0.113186   0.16451   -0.0695511
-0.0512781   0.166611   0.117711
0.123989   -0.0209729   0.124039
0.280229   -0.00198962   -0.0677375
0.468546   0.170649   -0.0660435
0.302817   0.157324   0.0831369
0.440511   -0.0216095   0.103486
-0.366772   0.313634   -0.0643288
-0.220256   0.4981   -0.085152
-0.371915   -0.499425   0.0870581
-0.211022   0.30357   0.108836
-0.0649157   0.332998   -0.0759863
0.11506   0.495642   -0.0664628
-0.0532616   0.483167   0.0864938
0.125538   0.31532   0.0837693
0.294348   0.3223   -0.0741523
0.452464   0.471844   -0.0638156
0.296138   0.48333   0.0846316
0.461001   0.330692   0.0993187
-0.392933   -0.319143   -0.0727657
-0.228142   -0.171214   -0.070457
-0.392991   -0.165181   0.106287
-0.209059   -0.325029   0.0796172
-0.0473375   -0.333311   -0.0927339
0.112448   -0.183588   -0.0746405
-0.061241   -0.168304   0.0980824
0.123977   -0.368824   0.0889099
0.300808   -0.347808   -0.0603014
0.437135   -0.168813   -0.064403
0.267047   -0.192446   0.0882556
0.459162   -0.33271   0.103798
-0.375847   -0.00748428   0.259284
-0.226812   0.137543   0.275192
-0.394631   0.13193   0.44459
-0.212321   -0.0169364   0.452257
-0.0463457   -0.0087649   0.263955
0.143263   0.15217   0.260815
-0.023683   0.158959   0.430489
0.118515   -0.0153123   0.40951
0.296318   -0.00485774   0.286882
0.463739   0.14969   0.249611
0.284684   0.161438   0.433737
0.448272   -0.0241161   0.434861
-0.36919   0.309947   0.272715
-0.220295   0.484933   0.256458
-0.372768   -0.495881   0.437158
-0.195636   0.321433   0.4287
-0.0116366   0.326618   0.261468
0.115867   0.496598   0.269447
-0.0541197   0.483497   0.416503
0.118052   0.338065   0.434016
0.294875   0.327769   0.276153
0.483261   0.485282   0.255031
0.286794   -0.497706   0.427923
0.472988   0.329681   0.433905
-0.379472   -0.326234   0.258528
-0.194291   -0.190315   0.25511
-0.384214   -0.194541   0.419464
-0.211078   -0.342082   0.43873
-0.0464122   -0.355767   0.243184
0.11275   -0.195275   0.255314
-0.0482363   -0.178351   0.412968
0.113403   -0.344398   0.42358
0.275159   -0.329471   0.247837
0.449029   -0.166704   0.266687
0.277995   -0.180597   0.430468
0.449156   -0.341504   0.414058
