0.340488   -0.418211   -0.24528
0.491991   0.216223   0.0892781
-0.280242   -0.0292278   -0.0789694
-0.297323   -0.152655   -0.170554
-0.158691   -0.0911888   -0.046734
0.11952   0.493186   -0.372461
-0.299854   -0.33882   -0.397559
-0.483892   0.0441953   0.317668
-0.228258   -0.034276   -0.246019
-0.0234738   -0.0177342   0.40404
-0.310606   -0.187726   -0.294909
0.364472   0.224975   -0.43938
-0.211599   -0.0549878   0.21053
0.0322858   0.286524   -0.0721654
-0.440282   -0.216743   0.0749657
-0.487148   0.316243   -0.438
0.18274   0.102471   -0.0111184
0.453427   -0.242911   -0.216092
-0.15934   0.0316279   0.156036
0.222058   0.237899   -0.270759
-0.257505   -0.136613   0.22657
-0.337917   0.355208   -0.00105882
-0.471105   0.454181   -0.24695
-0.423745   0.118423   -0.131252
-0.4292   0.0397036   0.187236
0.355462   -0.329804   -0.320299
-0.393385   -0.413001   -0.229164
0.069291   -0.442173   -0.414288
0.113487   -0.0289491   -0.257198
0.199676   -0.207322   -0.337606
0.255632   -0.39383   0.121693
-0.0926672   -0.432161   -0.0581389
0.499221   0.192084   -0.23661
0.00844909   0.231251   0.352368
0.161596   0.246859   -0.181256
0.28344   -0.130126   -0.212132
0.18008   -0.246745   -0.155455
0.114329   -0.0440739   0.0497477
0.284629   -0.417744   0.359747
0.0512626   -0.0390394   -0.101922
0.0508097   -0.0967247   0.432654
-0.0486827   0.0087325   -0.0271707
0.172647   -0.449449   -0.310869
0.493803   -0.0581605   -0.0557269
-0.176   -0.445903   0.464836
-0.0451243   0.146758   0.0207017
0.0360305   -0.288534   -0.346223
0.416153   0.184941   -0.259353
-0.0823517   -0.495717   -0.455461
0.251554   -0.41699   -0.473219
0.0545066   -0.359588   -0.45449
0.340958   -0.316905   0.129716
-0.037675   0.246975   0.426266
0.131718   -0.450598   -0.498582
0.239917   -0.2295   -0.496835
0.355163   -0.318224   0.0161414
0.0620288   0.178851   0.37842
-0.0858724   -0.0716827   -0.13758
0.208991   0.402174   -0.0974308
0.0810373   -0.219521   0.163139
-0.104432   0.21039   0.268804
0.0667239   0.222556   -0.0361846
-0.179826   -0.377489   -0.376906
0.145497   0.438957   -0.248343
-0.465247   -0.220938   -0.332633
-0.0280645   -0.4213   -0.390592
0.337492   0.191526   0.205524
-0.3431   0.166688   0.126283
-0.343873   -0.0578871   -0.172406
-0.283091   -0.193587   -0.393767
-0.0745191   -0.350825   0.0332755
-0.0767628   -0.396256   -0.134097
0.188851   0.0490751   -0.27433
0.0282184   0.104092   0.042106
0.074076   0.116603   -0.409627
-0.255283   -0.289788   -0.444459
0.092448   0.0392621   -0.151233
-0.230994   -0.144231   0.149714
0.261664   -0.252086   -0.224338
-0.2956   0.222933   0.251092
0.168256   0.113948   0.486957
-0.248528   -0.0378927   -0.430882
-0.453114   0.486941   -0.0801961
0.457806   -0.173023   0.205466
-0.0690742   0.0848558   -0.0448677
0.481484   0.479398   0.245412
0.0495265   -0.46407   0.148348
-0.48594   0.107341   -0.191077
0.396482   -0.492694   0.0220327
0.45492   -0.24328   -0.0736758
-0.114211   0.344335   -0.20009
-0.236032   -0.282384   -0.013415
-0.0303855   -0.142938   0.264206
0.183834   -0.441973   -0.422935
-0.303977   -0.407642   -0.347865
0.149506   -0.207796   0.496709
0.17336   0.311754   -0.232681
-0.0189663   0.161983   0.479145
-0.238186   0.156257   0.175729
-0.461444   -0.360075   0.317647
0.248825   0.119549   -0.0586221
-0.363883   -0.227375   -0.371896
0.10527   0.307743   0.125995
0.359771   0.0981689   0.463466
-0.284399   -0.0824637   0.111527
0.408174   -0.426299   0.353036
0.12224   -0.391184   -0.367283
-0.382366   0.0551953   -0.33356
