-0.441381   -0.816639   1.37358
-0.066356   -0.510091   -0.529222
-0.613224   -1.08069   -1.58552
0.246796   -0.228403   -0.589136
-0.63706   0.527892   0.926043
0.191643   -0.544155   -1.57791
0.63315   -0.978245   -1.26773
2.11931   0.166874   -0.128845
1.92231   -0.379083   -1.17461
0.733036   0.629671   2.7989
-0.472883   -2.99589   1.35631
0.685044   -1.94653   -0.745872
-2.64463   2.53512   -0.866889
-0.847283   0.418043   -0.460986
0.273821   -1.68056   -1.26305
-1.27238   0.734713   0.533116
-1.58298   -0.11613   0.0403391
0.890338   -0.332374   0.770412
-0.485496   0.373742   -1.89429
-0.992573   -0.959669   0.644644
0.928195   -0.115514   -1.05095
0.792263   0.191363   -1.15716
-0.420622   0.741793   -1.86467
-0.63106   1.09132   -0.311033
-0.685346   1.49419   -1.04244
0.840637   -1.6791   0.823705
2.20266   -1.75425   1.36752
0.0801044   -0.328526   1.3152
1.16968   0.0801228   -1.27424
-2.14612   1.40803   1.29152
-1.82205   -3.38947   -0.557984
1.01147   -0.13484   1.7669
1.05438   0.675776   -1.12729
0.273721   0.150448   1.1474
2.33375   -1.03788   -0.523721
0.731252   -0.643224   0.33904
-0.581308   -1.381   -1.94333
-1.0995   -0.0133512   -1.92422
0.31065   1.66608   0.974489
0.178472   0.727979   -1.42787
2.57162   -0.0109801   0.596752
0.766465   -0.792041   0.313371
-0.482612   -0.0439888   2.06715
0.801936   -1.25171   1.3317
-2.70132   1.23374   0.672225
-0.45796   0.665711   -0.226008
-1.1179   -0.0155279   0.352966
-0.783132   0.826342   -0.656097
1.87114   -0.172049   -0.0962578
-0.0923106   -0.360798   -0.663136
-0.0202275   0.22411   1.65194
-0.35105   -2.04121   -0.447138
1.36141   -0.401282   0.132093
-0.590918   0.250721   -0.538489
0.0835628   -0.122584   0.303062
0.0995735   -0.191223   0.398552
1.66033   -1.39191   0.993019
-0.439726   1.54307   0.470634
0.450016   1.79376   -0.571802
-0.923635   0.00611935   -2.53771
0.458666   0.779287   -1.31252
0.45327   1.45598   0.972708
2.38312   -0.966753   -1.27685
1.81675   -0.265514   1.05421
1.81499   0.437259   1.41545
1.25923   0.327205   0.100282
-0.266529   -0.0245906   -0.454133
-1.13127   -0.114586   0.233232
-0.127882   -2.54453   -1.12559
0.840772   -0.0158984   1.03698
0.431608   -0.0750134   -0.00627068
-1.17143   0.583589   0.329825
-1.29843   -1.66229   0.369115
-0.870439   0.830666   1.52133
1.23992   1.47788   2.38673
-1.20903   -1.84739   -0.788496
1.26589   -0.200545   1.97656
-2.2131   0.217935   1.66042
1.92594   0.917294   2.37267
-1.43548   1.67506   -0.675262
-1.63318   1.28128   -1.52542
-0.808943   0.714274   -0.0463203
0.263977   0.755323   0.372203
-0.475622   0.140949   -0.816643
-0.653698   -0.84567   -1.40369
0.852976   -1.89075   -1.88123
-0.402272   0.251622   1.5089
-0.0302632   1.98418   0.325519
0.708536   1.75485   -0.0834369
-0.557472   -0.20614   -0.107462
-0.752174   0.00953765   -0.766723
-2.64591   1.49611   0.706465
-0.660619   -1.06443   -0.248257
-1.13881   -0.101448   0.406277
1.1432   0.911076   0.450367
1.95559   0.318056   -0.506991
-0.688194   0.091796   0.503735
-0.773888   -0.0140368   0.83277
0.310502   -0.0341476   -1.1274
-1.89334   -0.298613   1.27273
0.825897   0.500504   -0.906363
-0.56618   -1.26357   -0.0532317
-0.873851   0.668024   -0.946226
0.432143   0.192886   0.678639
-0.723236   1.29744   -0.417931
-0.192791   0.417104   -1.00281
0.519494   2.5878   0.0762306
0.425895   -0.954842   0.188929
