0.155064   -0.064891   -0.481592
-0.4198   -0.466566   0.342655
0.227551   0.164831   -0.430933
-0.492323   0.483724   -0.241244
-0.329715   0.128998   0.167336
-0.489984   -0.361812   0.115446
0.19968   0.309159   0.441491
-0.2768   0.176534   -0.276159
0.148123   0.339411   -0.314964
0.470977   -0.146501   0.066988
-0.290001   -0.314082   0.206
0.145927   -0.260528   -0.337731
0.267431   0.210225   0.296522
-0.292829   -0.0924903   0.0885763
-0.139004   0.00255599   0.173719
-0.162311   0.438249   0.217259
-0.145466   -0.376591   0.367068
-0.375307   -0.431605   -0.0841429
-0.158179   0.0885323   0.0017931
0.45131   -0.0596621   0.435324
-0.195452   -0.265921   -0.421004
-0.325412   0.323497   -0.408512
0.185527   0.482828   0.319019
0.389524   0.124176   -0.295792
-0.154198   0.30355   -0.0877149
0.0619755   0.121912   -0.188904
0.0639153   -0.109788   0.143784
-0.272139   0.41491   -0.197923
-0.0479367   -0.0586585   0.364736
-0.435657   -0.0928612   0.228241
-0.0668613   -0.34105   -0.284835
-0.138177   0.0484081   -0.221134
0.490451   -0.0511052   -0.281919
0.244653   0.393725   -0.0454321
-0.304719   0.152227   0.371072
-0.0902925   0.247746   -0.284601
-0.272643   -0.0715525   -0.317252
0.268618   -0.409882   -0.271297
-0.387157   0.222775   -0.0410307
0.0675421   0.403697   -0.148531
-0.431227   0.103692   -0.412493
-0.329475   -0.265103   0.40398
0.411611   -0.48292   0.222534
0.0600983   -0.467558   0.459541
-0.429836   0.296613   0.424428
0.45173   0.28688   -0.162538
-0.497066   0.0868887   0.0437855
0.137943   -0.397635   -0.119854
0.0655509   0.398901   0.113595
0.0630272   0.228169   -0.0143114
0.367028   0.420548   0.388188
-0.242868   -0.101316   0.281023
0.212048   -0.00853477   -0.269591
0.32904   -0.0129983   0.0872285
0.338113   -0.170204   -0.334817
-0.112695   0.432816   -0.365177
0.0210751   0.0958951   -0.386366
0.273157   -0.359243   0.267822
-0.422685   -0.187613   -0.0941385
0.116814   -0.303471   0.141764
0.258649   0.355453   0.181506
-0.1452   -0.0854634   -0.0834531
0.274768   0.0297918   0.38753
0.0223506   0.374803   0.330739
0.407338   0.316411   -0.386034
0.497478   0.396581   0.0565655
0.228486   -0.160112   -0.11875
-0.02726   -0.412529   -0.000497249
0.396718   -0.0484398   -0.104318
0.0267827   -0.199529   -0.0888215
0.0839562   0.120243   0.359155
-0.358868   -0.0139991   -0.144431
-0.126468   0.226367   0.359173
0.0987906   -0.00674078   -0.0403778
-0.296274   -0.381551   -0.279487
0.446532   0.0844445   0.26181
0.0176868   -0.443428   0.233903
-0.219615   0.39257   0.424302
-0.465549   0.475075   -0.470105
-0.173654   0.120844   -0.420422
0.133191   -0.144854   0.326056
0.394781   -0.333108   -0.426494
0.412062   0.18729   0.445276
-0.36701   0.321319   0.21043
-0.339576   -0.0550758   0.447036
-0.281657   0.472322   0.0644359
0.422275   -0.272786   -0.183123
0.362657   -0.130948   0.254375
-0.287405   -0.277302   0.0117209
0.241356   0.477225   -0.460003
-0.214567   -0.217044   -0.19565
0.398398   -0.455718   -0.0598859
0.145603   0.106613   0.168335
0.270555   -0.468543   0.0956673
0.191176   -0.299028   0.445521
0.0948541   -0.446752   -0.356534
-0.449615   -0.217651   -0.401148
-0.017178   -0.240425   0.455813
-0.148889   0.250931   0.14777
0.00993838   0.31393   -0.471014
-0.104597   -0.218876   0.145892
-0.277591   -0.461371   -0.476743
0.449617   0.274235   0.259543
0.475451   -0.293127   0.315565
0.303707   0.221247   0.039552
0.335736   -0.284788   0.0274125
-0.0794127   -0.0739856   -0.422024
0.0221346   -0.0744657   -0.224722
