0.762889   0.353813   0.818324
2.27456   1.57073   -0.0751154
-0.984874   0.0128938   -0.847313
-0.985039   -0.753993   1.08998
-0.549597   -0.120532   2.10633
0.138368   0.790837   1.96937
-0.728105   -0.652926   -0.33161
-0.982176   -0.357273   -1.02577
-0.0405586   0.432521   2.05068
0.412742   -1.28905   0.566052
0.168179   -0.494581   0.67695
-0.514256   -1.67627   1.50891
-2.5527   -0.4523   -1.28919
-0.555912   0.0260526   -2.17843
-0.380331   -0.164547   -1.13848
-0.980614   -1.31951   0.631146
-0.250511   -1.71148   0.154523
-1.24713   -0.258773   0.413902
0.0722575   1.40515   -1.02513
-0.0656264   -2.11639   0.857175
1.62636   -0.773278   -0.434239
0.205623   -1.66023   -0.400509
-1.87453   -1.76986   0.666873
-1.52664   0.269684   1.71157
1.52031   -0.969923   0.0775336
1.06084   0.809066   1.63105
-0.878166   1.29917   1.67167
0.423899   0.57292   -1.18098
-0.577463   -0.696375   0.0110167
1.35439   -0.40238   -1.54368
-0.18693   1.3752   -0.266683
-0.124767   1.96838   -0.0773596
0.579545   -0.382205   0.856794
0.30645   -0.694011   -0.569259
-0.535369   0.642923   1.99213
-0.18024   0.573464   -0.504167
0.194663   -0.23985   0.932807
-0.661436   1.00158   1.38581
0.237442   -1.82087   -0.709979
-0.0555433   -0.223508   0.91751
-1.20667   -0.308697   -0.877661
-1.77853   0.227204   0.0918817
0.686464   0.129239   1.36532
-1.1624   -1.11377   -0.665227
1.08228   1.79429   -2.16952
1.38463   0.242813   0.66606
-0.892366   -0.541384   -1.85039
2.20241   -0.981757   0.67004
-0.191879   -0.571044   0.0715368
-1.46704   -2.49904   0.53347
-0.6453   1.27977   -1.24433
-1.88035   1.62591   0.417504
-1.0233   0.146234   -1.58705
1.14165   -0.754838   -0.066641
0.0563635   0.381099   -1.55013
-0.47317   2.35417   0.0690836
1.09881   1.67101   -0.909773
0.0687986   -0.831925   1.12742
-0.438105   0.873403   -1.47431
-2.03685   -0.798029   -1.50184
1.02768   1.97994   0.0665433
0.323094   0.608303   0.910941
-0.210131   -0.429388   -0.683267
0.945472   0.238087   0.153359
-0.207963   -1.22027   1.85538
0.514148   1.28666   -0.339032
0.00202973   0.469232   -0.0403713
-0.303367   0.592628   0.658264
1.3218   -0.0249251   -0.305434
2.34969   1.19938   1.08529
-1.87138   -0.645775   0.106979
0.538467   -0.770281   -1.15698
-0.473397   0.509608   -0.863569
-0.248884   -0.157404   -0.000517424
-1.58445   -0.061138   -0.484407
-0.745216   -0.612997   -1.07324
-0.38753   0.142544   1.2413
0.776015   -0.313695   -0.702522
0.125672   -0.264944   0.354051
0.267181   1.13745   -1.14431
0.311905   1.46521   0.167124
-0.474431   0.300878   1.44301
-0.0754745   1.61018   -1.17382
-0.395675   1.2349   2.43516
0.606118   1.08672   -0.462674
-1.05194   -1.2814   -1.19619
0.945585   -0.726214   -0.622311
1.6564   0.881561   1.41631
-0.419885   -0.331628   -0.249951
0.105679   0.358066   -0.333992
0.868203   0.263826   0.153691
1.41696   -0.239292   0.032381
1.57697   -0.313133   -0.968685
0.899533   -1.24022   -0.701142
0.254054   -0.0736902   -0.193146
1.28412   0.496215   -0.63071
1.65062   -1.91812   -0.753516
-0.56843   0.514584   0.640289
1.26926   -0.96803   -0.176452
-0.982893   1.28751   0.293353
0.546322   0.514709   -0.580893
1.05968   -1.75401   0.285016
-1.02993   0.949556   -0.105597
-0.296439   -0.506082   1.0647
-1.78768   0.337888   -0.425654
1.26279   -1.04153   -2.32477
0.823939   2.00456   2.44272
-0.0597715   -1.00493   -1.32837
