-0.212802   0.220369   0.335292
-0.429472   -0.228552   0.441487
0.446585   0.395767   0.27465
-0.0477309   0.484824   -0.0847726
-0.210452   -0.192504   -0.272379
-0.0391451   0.218874   0.23495
-0.231534   -0.0495097   -0.0375489
0.0334062   0.204399   0.423462
0.425659   0.135095   0.121433
-0.431096   0.212803   -0.348197
0.369452   0.154555   0.429776
-0.211183   -0.237773   -0.0740907
-0.342664   0.492743   0.107342
0.181551   0.0731827   0.462033
0.00315241   0.461194   -0.480734
-0.364037   -0.361852   -0.0134459
0.466288   0.0732434   -0.23503
0.276834   0.213045   -0.178089
-0.116469   -0.171079   0.0761951
-0.109867   0.0522917   0.449089
-0.0452174   -0.197533   -0.407954
-0.0321527   -0.0526857   -0.278134
0.2578   0.253264   -0.462861
0.102848   0.0994627   -0.33817
0.0977885   -0.32706   -0.338268
0.0323223   -0.0583376   0.376679
0.123146   -0.495407   0.06947
-0.128119   0.34029   -0.325946
0.405823   -0.255897   0.307937
-0.206215   -0.369833   0.33633
0.0558564   -0.372887   0.438954
0.142247   -0.204516   -0.171498
0.125801   0.300559   -0.346616
-0.209447   0.145633   0.1376
-0.470109   0.496962   -0.0841158
0.0916589   0.119396   -0.144158
0.172319   -0.405986   -0.135378
-0.377738   0.0268936   0.326514
0.0514373   0.299469   0.0780427
0.285544   -0.236131   -0.016904
0.295749   -0.251082   -0.318562
0.30055   -0.454942   0.0446354
0.41777   0.304938   -0.291995
0.0845143   -0.113736   0.047128
-0.0760388   0.453026   0.106635
-0.24307   0.369796   -0.11345
0.457918   -0.310099   -0.0893893
0.418159   -0.00211067   0.274627
-0.227211   -0.269997   0.497826
-0.175865   -0.400469   -0.329755
-0.179294   -0.387669   0.0525238
-0.124233   0.111705   -0.359347
-0.315219   -0.0505346   -0.496968
0.419317   -0.450514   0.389255
-0.252158   0.456234   -0.492348
-0.0401626   -0.0438963   -0.0783166
-0.0782359   0.465356   0.327383
0.414642   0.0426757   -0.0488198
0.219169   -0.0049345   -0.053588
-0.0259954   0.268032   -0.153335
-0.435166   0.253771   0.420015
-0.280845   0.112535   -0.221813
-0.384559   0.209554   0.185096
-0.376581   0.185209   -0.054337
0.157346   0.125207   0.0835059
-0.301094   0.427367   0.310911
0.0344756   -0.351592   -0.0106387
-0.434657   0.00966749   0.135452
-0.230382   0.330512   0.0901869
-0.1656   -0.130304   0.396701
0.187904   -0.103743   -0.409323
0.375749   -0.129616   0.46809
-0.495696   0.0445142   -0.484765
-0.384559   0.37259   -0.26009
0.460838   0.246026   -0.0791029
0.338663   0.024863   -0.395346
0.26347   0.348889   0.0720752
-0.398263   -0.280167   -0.251471
0.137925   0.147265   0.281842
0.226575   -0.285258   0.467598
-0.299608   -0.249078   0.125222
0.348682   -0.431573   -0.352451
-0.449283   -0.163561   0.00455242
-0.366762   -0.0637785   -0.182697
0.277398   0.492748   0.253787
-0.399524   -0.386236   0.340463
-0.26095   0.227138   -0.456689
0.49138   -0.1377   -0.325631
0.127267   0.383873   -0.107695
-0.232901   -0.425792   -0.15415
-0.209718   -0.0421018   0.215672
-0.0836815   0.146909   -0.0167828
0.00225407   -0.262462   0.203599
0.349905   0.407764   -0.102355
0.2365   -0.104545   0.301951
0.301657   0.255027   0.251302
0.0875835   0.397389   0.241294
0.338682   -0.103598   0.128261
-0.396693   -0.146162   0.249502
0.357733   -0.116498   -0.180548
0.439855   0.383313   -0.473899
-0.464744   -0.425891   -0.425649
-0.0296967   0.0188022   0.153177
-0.0437287   -0.258083   -0.176956
0.413112   -0.326898   0.142242
0.149898   0.48216   -0.333378
0.248735   0.442148   0.426885
0.201979   -0.314621   0.19626
