-0.507876   0.412256   -0.76274
0.133562   1.1563   -0.427484
0.550962   0.231726   -0.454305
0.807272   -0.787162   0.303481
-0.583716   0.0118002   -0.0174444
0.0395051   -0.713058   1.30062
-0.515756   0.148886   0.895201
0.375953   0.880223   1.51294
-0.383639   -0.3974   0.95392
-0.612579   0.0815856   1.49715
0.950271   0.842416   -0.387861
1.08611   0.246404   0.602588
-0.47767   -0.535007   -0.00474296
-0.057924   -0.1813   0.692126
-0.437017   -0.797872   -1.40206
0.106283   -0.295069   0.206
0.228382   -0.330433   1.22476
1.10273   0.671158   0.366277
-1.17924   0.457126   -1.30875
-0.516818   0.339605   0.584637
2.67876   -0.461275   -0.317883
-0.190972   -0.998983   0.0309653
0.435807   -0.498722   -0.335162
-0.951973   0.0264494   -0.547439
-0.155563   -0.131272   0.182771
-0.164358   -0.150042   0.985363
-0.742827   1.31872   -0.0348301
0.00754238   0.627374   -0.0450161
-0.175441   -0.407661   0.116871
0.46592   -0.286944   0.523721
-0.128298   -0.84865   0.143928
1.15599   0.12478   0.702315
0.788207   -0.38607   1.32669
-0.64157   0.0896276   0.501943
-0.808177   0.329878   -1.5996
-0.80122   -0.2602   0.137214
-0.301605   -0.648544   0.482975
-0.567093   0.568677   0.602735
-0.326129   0.0827819   0.929627
-0.19045   0.747791   -1.17478
1.28027   1.70851   -1.1026
-0.608765   0.652879   0.761385
-1.03968   0.179769   -0.0237927
-0.335394   -0.192895   0.34755
-0.110547   0.782074   -0.253171
-0.711875   0.362951   -0.062498
-0.126362   -0.244735   0.49852
-0.831529   0.661735   0.472914
0.294174   0.104409   -0.948976
-1.01068   -0.313321   -1.09641
0.0851528   -0.270057   0.044327
-1.42906   -0.631234   -0.496018
0.268351   1.12422   0.716514
0.694846   -1.08639   -0.354761
-0.411292   0.442269   -1.11123
-0.912176   1.78714   -1.6747
-0.033607   -0.257949   -0.227322
0.587156   1.07785   0.458397
0.30929   -0.4479   0.434889
0.373523   1.07141   -0.29748
0.987655   -0.0927043   -0.878057
-0.773922   0.0028247   0.31402
-0.474307   0.332859   -0.589865
-0.343298   -0.941665   0.789114
0.147255   0.409145   -0.0716584
-0.399165   -0.0620338   -0.172371
0.00862314   0.388917   -1.42553
-0.665006   -0.304505   -0.579305
0.182915   -0.410056   -0.514858
-0.411204   0.384246   -0.704415
-0.24602   -1.3725   0.229962
-0.758092   0.230545   0.00275056
0.331178   -1.11403   -0.765434
1.05927   -0.536844   1.38482
-0.309458   -0.189169   -1.13767
0.0953319   0.0587908   -1.40307
0.220349   -0.327768   -0.647681
0.908543   -0.320202   0.987225
-0.0670547   -0.480114   -0.911711
-0.356267   0.583866   -1.30819
0.126588   0.320664   -0.138096
0.366054   0.578489   0.72201
0.67773   1.01388   -0.459854
-1.3233   0.33728   1.88431
0.169906   -0.655883   0.291645
0.428287   -0.987672   1.09835
-0.146073   0.119369   -0.15391
0.825816   0.0426546   -1.36928
-0.5766   -0.167869   0.287568
-0.14928   1.39365   -0.274079
0.520396   0.565854   1.20397
-1.22317   0.723908   0.285815
1.42766   -1.06546   -0.342035
-1.71398   -0.835836   -0.372193
-1.34216   0.396019   0.476614
1.63867   0.376329   -1.62434
0.461493   -0.461322   0.8355
1.08388   -2.16833   -0.71485
-0.781318   0.856033   -0.504717
-0.358912   -0.826523   1.79355
1.48125   0.621968   0.883798
0.0997156   -0.0780061   0.586621
-0.457945   -0.189763   1.34859
0.580383   -0.785319   -0.0401936
0.437136   -1.43363   -0.735356
1.23995   -0.104868   -0.0948719
-0.630945   -0.027625   -1.04306
2.17431   -0.588221   -0.501844
