-0.491836   -0.485375   -0.449424
-0.332413   -0.33038   -0.480242
-0.497684   -0.305031   -0.312579
-0.312353   -0.488021   -0.295474
-0.167794   -0.493408   -0.496962
-0.000455868   -0.339073   0.485744
-0.156451   -0.344224   -0.32618
-0.00952445   0.494516   -0.335148
0.151689   0.497021   -0.484826
0.331513   -0.349491   -0.462856
0.142709   -0.319517   -0.305046
0.339507   -0.49566   -0.302696
0.473873   -0.160214   -0.494473
-0.360393   -0.0016227   -0.496547
0.478638   -0.00158584   -0.318152
-0.348459   -0.148942   -0.318033
-0.180027   -0.176827   0.49238
0.00125138   0.00468541   -0.499847
-0.169258   0.00161201   -0.339762
-0.0111047   -0.169735   -0.353785
0.165045   -0.174135   -0.482692
0.31627   0.00706039   -0.487844
0.149316   -0.0016324   -0.329573
0.316887   -0.178008   -0.321237
0.458789   0.177298   -0.480282
-0.331885   0.351454   -0.488355
0.499496   0.339988   -0.312708
-0.35591   0.170999   -0.348216
-0.185196   0.191224   0.495547
-0.00790699   0.324948   -0.499422
-0.164831   0.325263   -0.330083
-0.00660307   0.162111   -0.328467
0.158588   0.163809   -0.498024
0.316638   0.370862   -0.484721
0.144165   0.324869   -0.333872
0.310871   0.159532   -0.321174
-0.483284   -0.49876   -0.163175
-0.299821   -0.317452   -0.152044
-0.487174   -0.317792   0.0140487
-0.334473   -0.497581   0.00512739
-0.159265   0.498468   -0.141883
-0.0191094   -0.315984   -0.125487
-0.160591   -0.32146   0.0366341
0.0188419   -0.49217   0.0155602
0.144929   0.496781   -0.172543
0.340334   -0.335991   -0.156468
0.17697   -0.344389   -0.0024868
0.349866   0.494253   0.0178154
0.458105   -0.145967   -0.140484
-0.360869   0.00407319   -0.161678
0.475854   0.0179709   0.00702061
-0.344372   -0.164701   0.0101222
-0.167848   -0.144955   -0.169921
-0.0127011   -0.00738063   -0.149225
-0.183604   0.00656628   0.0103126
-0.0200056   -0.147177   0.0110809
0.157006   -0.169259   -0.135082
0.315587   0.0135861   -0.15427
0.163187   -0.00493025   0.000800628
0.302278   -0.17003   0.0231169
0.476912   0.174859   -0.163791
-0.338813   0.314101   -0.149649
0.486653   0.317638   0.0173387
-0.353721   0.16641   -0.00120458
-0.177709   0.153484   -0.152457
-0.00408692   0.320366   -0.157693
-0.171746   0.313898   -0.0124627
-0.0152765   0.167013   0.0070446
0.165396   0.162458   -0.142401
0.309925   0.338951   -0.134218
0.159828   0.350124   0.0212048
0.321844   0.178436   0.0112836
-0.491266   -0.491843   0.162765
-0.340479   -0.337692   0.17914
0.464233   -0.318137   0.360956
-0.336858   -0.490788   0.337338
-0.184092   -0.493352   0.157557
0.0127858   -0.339862   0.185514
-0.164762   -0.334533   0.327027
-0.00304538   -0.496214   0.345859
0.181436   -0.488312   0.172959
0.334324   -0.333358   0.174763
0.161868   -0.31714   0.352586
0.325089   -0.490831   0.359991
0.490655   -0.161805   0.184821
-0.336501   0.00196806   0.188808
0.487387   0.0239945   0.326324
-0.366795   -0.168688   0.353199
-0.17392   -0.14641   0.188053
-0.00161577   0.0165544   0.170535
-0.175549   0.0111959   0.339418
-0.00646516   -0.164893   0.339114
0.137388   -0.168947   0.16425
0.323668   0.0246656   0.171475
0.162598   0.00832227   0.342836
0.311819   -0.147123   0.345742
0.489683   0.181094   0.176376
-0.34713   0.336125   0.168455
0.499574   0.356705   0.361092
-0.360802   0.185536   0.346593
-0.184136   0.180149   0.200666
-0.0166175   0.340117   0.160008
-0.189775   0.350667   0.351378
-0.0131018   0.17286   0.344556
0.154313   0.183958   0.187484
0.334377   0.339263   0.196375
0.154956   0.344451   0.337092
0.32243   0.171126   0.341195
