0.196701   -0.354179   -0.110312
0.427659   -0.318216   0.0975848
-0.320609   -0.215478   -0.024032
0.442615   0.414623   -0.252507
0.347732   0.036587   0.386174
0.23302   -0.39296   0.496913
-0.00949327   0.218092   -0.0143324
-0.0516394   0.412404   0.430532
-0.0918162   -0.103052   0.0652357
0.430623   0.157221   -0.0591983
-0.441435   0.0712328   0.129952
-0.0557102   0.16711   -0.485324
0.466836   -0.383653   -0.0471795
0.178812   0.314728   0.0279958
0.219865   0.17936   0.475959
0.0775347   0.0514036   0.225174
0.305878   -0.360464   -0.359255
0.0680017   -0.333032   0.236291
0.358959   0.0341584   -0.406956
-0.355403   -0.0635641   0.247007
-0.446139   0.28263   -0.449464
-0.294748   -0.484873   0.163486
0.137368   -0.0182463   0.202161
0.45739   -0.270837   -0.0448944
0.291823   0.116796   0.182584
0.452114   -0.303928   0.0254052
0.479657   0.366244   -0.463331
0.253681   -0.476885   -0.0637498
0.453887   -0.464086   -0.00430754
-0.242694   0.0208548   0.492455
0.0861088   -0.0797921   0.15495
0.268689   0.0338844   -0.424247
0.454535   -0.225789   -0.27821
-0.209316   0.244837   0.123691
0.310445   0.413935   -0.460878
-0.0553387   0.405308   0.317923
0.220293   0.085653   -0.463545
-0.0826235   -0.499957   0.388694
-0.00666831   -0.173173   -0.481222
0.396302   -0.185008   0.286321
-0.172619   -0.413759   0.296361
-0.214777   0.141813   0.322797
-0.449948   -0.0503873   0.25048
-0.275786   0.0817516   -0.463318
0.0990345   -0.328612   -0.453241
-0.157982   0.326356   -0.46904
0.159306   0.0127452   -0.409345
0.207986   0.117391   -0.17685
0.353739   0.203648   0.0174997
-0.0856534   0.199093   0.143638
0.30268   -0.163707   -0.302123
-0.468155   -0.0437185   -0.493707
-0.0031904   0.18856   -0.365188
0.478121   0.225868   0.394555
0.261084   0.0828709   -0.369171
0.145374   0.140855   0.203873
-0.433502   0.115831   0.0645083
-0.353447   -0.0936884   -0.494038
-0.423652   -0.404325   -0.11923
-0.420878   -0.264581   -0.200303
-0.466143   0.30469   -0.053962
-0.0669999   -0.292431   -0.106998
0.12134   0.317414   0.103639
-0.0786816   -0.110265   -0.381154
0.31149   -0.491744   -0.158091
0.232267   0.402355   -0.265115
-0.093344   0.365923   -0.202416
0.20232   0.0739092   0.208807
0.194173   0.353236   -0.138174
-0.354627   0.0405398   0.436425
0.207801   0.134936   -0.376909
0.109108   -0.271058   0.0483381
0.496477   -0.198027   -0.0199824
-0.386719   0.471569   0.130651
-0.162629   0.39595   0.41618
0.456444   -0.435389   0.281744
-0.139878   0.232876   0.442803
0.347413   -0.100875   0.286357
0.39039   -0.23134   -0.0638433
0.345051   -0.0296956   -0.21261
-0.41673   -0.100626   -0.42204
0.384676   -0.325338   -0.0252718
0.315256   -0.334889   0.44766
0.319537   -0.268574   0.234095
0.201589   0.262558   0.299343
0.29287   -0.405771   0.211989
-0.285563   -0.245974   0.187984
-0.124611   -0.0390044   -0.0939801
0.482473   -0.287807   -0.127995
-0.351962   -0.363807   -0.181822
0.0109806   0.0538747   0.346867
0.231125   0.200809   0.0378713
-0.15622   -0.325952   -0.11543
-0.0813908   -0.00535756   0.0679744
0.297632   0.34678   0.0221841
0.133687   -0.182294   0.0570388
0.0641246   0.453139   0.13848
-0.357218   0.129479   0.106703
-0.1926   -0.242526   0.390647
0.128839   -0.0718459   0.0349359
-0.4437   -0.446971   -0.259808
0.42118   -0.287448   0.279035
0.169815   -0.171607   0.368599
-0.468813   0.195122   0.0573275
-0.388477   -0.452198   0.215056
0.412245   -0.0911517   -0.279963
0.257718   0.309588   -0.29945
-0.422344   0.371322   0.284573
