1.11966   -0.906574   -0.266165
-0.542974   0.95887   -0.758532
-1.61397   0.0641489   -0.973017
0.858161   0.211932   1.03116
0.915778   -1.52285   0.113202
-1.38464   1.35251   -1.40774
0.364293   -0.0674445   -1.67346
-0.557114   -0.0181008   0.0559825
1.1889   -0.39603   1.03351
0.676652   -0.985464   1.95743
0.537536   -0.36219   -1.14263
-1.01524   1.39222   0.0783646
-0.59902   -0.830016   -1.82704
1.64828   1.58055   -0.542922
-0.581666   0.118143   -0.884051
-1.4698   0.261184   -1.34582
-0.215419   -1.78215   -1.30162
-0.520477   1.72838   0.723459
-0.388329   0.744948   0.628248
0.433966   -0.915303   0.131667
-0.918853   -1.56103   0.00444291
-0.163678   1.82633   -1.12032
1.21333   -0.647118   0.451102
-1.45547   -0.250384   -0.762219
-2.41746   -0.0544828   1.73976
0.465095   -0.102165   1.8484
-0.0164939   0.0780128   1.19825
-0.309447   0.497585   2.28854
0.319269   -1.73558   -1.15633
1.66309   -1.08243   2.31682
-0.698865   -1.61088   -0.323089
0.68168   -0.0830605   -0.985774
0.745401   1.02463   1.2189
0.358808   1.32242   -0.328664
0.196391   0.506809   0.476512
-0.528392   0.440424   1.56274
-2.28016   -1.48896   0.837367
-0.234942   -0.790622   0.964503
-0.993704   0.614527   0.0164524
-1.64224   0.071315   0.801637
-0.647626   -1.42466   -1.06333
-0.279894   0.0718957   -0.442534
-1.01691   -0.446343   0.624185
-0.815601   2.50565   1.42511
0.598073   -1.02551   0.301898
-0.218962   -0.804993   -1.93653
-0.530621   0.887139   -0.708957
1.77983   2.76538   -1.84924
-0.367636   -1.68427   1.89571
0.464746   -1.73939   0.0541755
1.206   0.824276   -0.803793
0.893811   -0.494331   1.31842
-0.0965969   -1.17275   1.38373
0.0338819   -1.05575   -0.649518
1.91786   -2.58906   -0.139229
-0.716763   1.36958   0.461099
-2.51503   -0.479907   0.783709
-0.637962   0.214362   1.73347
-2.14379   0.899574   0.0878117
-0.158754   1.09309   0.0889177
1.43014   -0.884352   -0.99272
1.25086   1.20532   -1.22472
0.556724   1.36777   -2.35355
-0.29306   -0.00483446   -0.626204
-1.05301   1.49115   0.704191
0.0557693   0.453994   0.480311
-0.172678   0.255162   -1.45355
2.0583   0.43109   0.339903
-0.606052   2.48946   0.469406
-0.412905   0.716829   1.10967
0.550813   1.50647   1.26493
-1.51525   1.03045   1.4706
-1.19254   -0.745762   -0.0868104
1.10075   -0.0676669   0.71487
0.814471   0.192366   -1.43587
0.54184   -1.62692   0.137259
1.10704   -1.01858   -0.786625
0.810562   0.964954   -1.20849
1.95593   0.465268   -1.3489
0.884425   -1.6413   0.219187
-0.756041   -0.764928   1.13079
-0.230657   1.26829   0.610996
-1.21797   -2.04151   1.90136
-0.427134   -1.17279   -1.71838
-0.658517   -1.25572   1.96443
-0.380735   0.971637   -0.103761
-0.264867   -0.766867   -2.10743
-0.377865   -1.18625   0.274855
1.27701   -0.280275   -1.01138
2.67637   -1.06625   -2.08202
-1.09805   1.26852   -1.63995
0.58585   -1.08224   -0.197124
0.474535   0.186669   1.04492
-0.790913   -1.21174   -1.79903
-1.38028   1.16605   -0.829604
0.736428   0.328012   1.63111
-1.65831   0.925964   -0.413906
2.50056   0.766782   -0.0811364
0.360586   0.234583   0.227493
0.413666   0.576494   0.00496035
-0.324861   -1.07231   2.07747
0.358167   0.253374   -0.563904
-1.00705   1.06433   0.358537
-0.320162   -0.387713   0.244131
1.51439   0.265498   -0.18422
-0.237641   1.6202   -0.615516
1.70771   -0.0294806   -0.514735
1.06763   -0.475282   -0.246016
