-0.280347   0.446723   -0.180159
0.438898   0.0175268   0.470965
0.389162   0.0637092   0.210633
-0.254962   -0.357286   -0.245319
-0.201786   -0.22508   -0.127776
-0.378815   0.0947415   0.178219
0.471209   0.245277   -0.227044
-0.0105312   0.401166   -0.474684
0.0712494   0.200792   0.234823
0.157382   -0.23853   0.418679
-0.404176   0.329108   -0.479281
-0.00645547   -0.447277   0.216735
0.389792   -0.180257   0.463288
-0.0354516   0.182213   0.00609303
0.316565   0.418966   -0.228078
0.195979   -0.0364548   0.284643
-0.197283   -0.182507   0.467745
0.11261   0.315833   0.400878
-0.167286   0.0410687   0.108472
0.22147   0.154943   0.393935
-0.125545   -0.253314   -0.341548
0.225195   0.16656   -0.383892
0.0260344   0.222663   -0.391101
-0.0869238   -0.473216   -0.278498
0.48145   -0.38967   -0.231543
-0.212631   -0.404952   -0.488145
0.127627   -0.21198   -0.390353
-0.475813   0.125315   -0.0609792
-0.263021   -0.485178   0.267411
0.39438   -0.254467   -0.357556
0.476517   0.235106   0.118939
0.164584   -0.00592327   -0.185171
-0.0323517   -0.124283   -0.198434
-0.414021   -0.201421   0.384369
-0.31071   0.2314   -0.229112
-0.377498   -0.27859   -0.417464
-0.161498   0.0868315   -0.338717
-0.307606   -0.0294518   0.384541
-0.388677   -0.335656   0.228397
0.178943   0.225111   -0.00675304
0.205708   -0.429768   -0.381246
-0.19953   0.0507948   -0.151179
0.447848   -0.167651   0.0336909
-0.328833   -0.468642   -0.0124229
0.445189   -0.0290877   -0.134941
0.449971   0.206989   0.400513
-0.262614   -0.224454   0.0573442
-0.414698   0.0440938   -0.268107
0.00291288   -0.355634   -0.471864
0.0467404   -0.344846   -0.181064
-0.131388   -0.339191   0.319348
0.390161   0.493486   -0.454998
0.28518   -0.336946   -0.00139185
0.405892   -0.232757   0.268813
-0.434578   -0.287135   -0.0645068
0.406049   -0.394518   0.153269
-0.0240271   0.112005   -0.173741
-0.334359   -0.00222158   0.00751513
-0.104111   0.297186   -0.230152
0.299976   -0.405131   0.373391
0.0800801   -0.195348   0.199482
0.111319   0.0217144   0.037744
-0.14686   -0.154583   0.225775
0.0186542   0.0869743   0.452099
-0.42002   0.337833   -0.0819642
-0.135952   0.38132   0.0250488
-0.241173   0.206163   -0.0395742
0.164336   -0.197289   -0.0493516
-0.278406   0.341854   0.142784
0.0308244   0.445404   -0.145976
0.388602   -0.0241547   -0.338783
0.0295051   0.00491985   -0.349731
0.258655   -0.160632   0.12506
-0.376867   0.254904   0.312324
-0.159306   -0.415959   0.0928854
0.134901   0.29339   -0.211501
0.314973   0.360996   0.417573
-0.431862   0.457371   0.150462
0.185833   0.368805   -0.408184
-0.127533   -0.431138   -0.0849257
0.383658   0.263636   -0.406248
0.219648   -0.465708   0.202039
0.347691   -0.179308   -0.183417
-0.456376   -0.0783799   0.218135
-0.458557   0.42681   -0.301043
-0.399181   0.476524   0.385195
0.438929   -0.470389   -0.0405127
-0.355247   0.134297   -0.48605
0.345175   0.0688608   -0.00750415
-0.129087   0.073574   0.307445
-0.127173   0.320159   0.281727
0.227917   0.467273   -0.0566231
-0.175499   0.226399   -0.484742
-0.23586   0.384828   -0.397818
-0.499575   -0.36255   0.436104
-0.0291537   -0.268291   0.0365227
0.29658   0.148875   -0.181094
0.0684804   0.354172   0.106729
0.251175   0.26471   0.204294
0.0813223   -0.480655   0.379721
-0.0301629   -0.112429   0.385808
0.413694   0.462537   0.302608
0.367953   0.306746   -0.0516641
-0.427493   -0.167834   -0.230195
0.373903   0.42934   0.0980182
-0.265585   -0.103608   -0.365214
0.223355   -0.0118109   -0.487388
0.25262   -0.366455   -0.201512
