-0.291718   -0.421678   -0.0669715
-0.0602794   -0.274051   0.371031
0.345951   -0.0176789   0.246175
-0.106752   -0.447535   0.281118
0.0269821   -0.327485   -0.0960799
0.434436   -0.425508   0.354931
0.381   0.167249   0.400863
0.0605352   0.252416   -0.302159
0.0272877   0.260862   0.357123
0.0764566   -0.0878902   0.116034
0.498076   0.415717   -0.474486
0.353814   -0.247313   0.43837
-0.378381   -0.157842   0.469184
-0.367184   0.171578   -0.117936
0.474853   -0.197495   -0.347604
-0.130877   0.0722845   0.0652239
-0.159416   -0.0983927   0.416026
0.099516   -0.390492   0.401477
-0.224347   -0.0570841   -0.169145
0.329044   -0.0394416   0.493196
-0.0685244   -0.15868   -0.259692
-0.334531   0.147738   0.462286
0.247068   0.205059   -0.198933
-0.154015   0.293122   -0.456795
-0.234066   -0.328041   0.434168
-0.313027   0.448803   0.495451
0.125766   -0.190707   -0.236954
-0.163952   -0.282348   -0.127454
0.164278   -0.190409   -0.493214
0.277432   -0.177283   0.09776
-0.301014   0.413332   0.177186
0.239038   0.0593303   -0.337213
0.0191837   -0.0549307   -0.0770271
0.264764   0.485547   0.450358
-0.433646   0.220584   0.296633
-0.42985   -0.362541   -0.493498
-0.373201   -0.262359   -0.181409
-0.261237   -0.0919371   -0.391957
0.342759   -0.489349   0.192866
0.0048931   0.211577   0.115151
0.0757644   -0.355306   -0.310836
-0.375887   0.0999804   -0.319273
0.215314   -0.394279   0.0752293
-0.115416   0.176063   -0.142328
-0.487709   0.230545   -0.42455
0.0814219   0.160716   -0.0670073
-0.254423   0.0224065   0.287194
-0.357197   0.339391   -0.276593
0.263963   -0.326796   -0.350807
-0.0830228   -0.468176   -0.151443
0.166588   0.0754151   0.170576
0.218894   0.413332   -0.305889
0.445879   -0.389068   -0.283376
-0.452985   0.00434048   0.327184
0.42731   -0.214388   -0.0591841
-0.490369   -0.463949   0.0866504
0.041477   -0.484609   0.0275597
-0.192746   -0.304617   0.15719
0.376005   -0.437962   -0.0761654
0.465803   -0.225641   0.251511
-0.448185   -0.0670316   -0.140869
-0.324357   0.00482002   0.000601591
-0.122836   0.105492   0.384185
-0.16306   0.11099   -0.313968
-0.152713   0.362688   -0.25831
0.052315   0.354364   -0.132648
0.261664   -0.0139596   -0.0721662
0.0398526   -0.291645   0.115417
-0.141179   -0.136639   0.0035641
0.152921   -0.46322   -0.159892
-0.474774   0.00213707   -0.452372
0.321471   0.145928   0.0339655
0.0251831   -0.0372953   -0.476376
0.383356   0.381549   0.0647353
-0.0630334   -0.259229   -0.427986
0.326009   0.242645   -0.402029
0.306564   0.366589   -0.115683
-0.232446   0.309951   0.34976
0.164334   0.32452   -0.473879
-0.0747252   0.349145   0.218809
0.22675   0.272778   0.311532
0.148853   0.43315   0.231021
-0.464282   0.458917   -0.127813
0.457525   0.252894   -0.0563876
0.403779   0.385131   0.341166
-0.372564   -0.46676   0.305039
-0.351796   0.346642   -0.00392402
0.387724   0.252008   0.202007
0.4677   -0.0724864   0.045236
-0.461956   0.126918   0.0883245
-0.0259433   0.454922   0.436446
0.349359   -0.0875281   -0.228081
0.0515443   -0.0691661   0.321064
-0.275596   -0.417175   -0.34195
0.232338   -0.25369   -0.0960708
-0.123503   -0.127395   0.220042
0.000138375   0.464549   -0.345856
-0.157561   0.497664   0.0841984
0.20118   0.119311   0.457019
-0.000528249   0.1546   -0.451514
0.0400702   0.0751498   -0.23815
0.189068   0.303144   0.0774888
-0.274523   0.221362   0.129314
-0.331279   -0.160194   0.217221
-0.145325   0.329588   -0.00938461
0.420167   0.0846949   -0.235884
0.174923   -0.233022   0.276346
0.4216   0.358069   -0.273034
