0.234122   -0.0724005   -0.771129
-0.680716   -0.626174   0.343759
-0.749111   1.19553   0.31336
-0.150944   0.732439   0.449179
1.45786   -0.19786   -0.042245
-1.30777   0.0466191   0.61099
0.414102   -0.0499988   -1.37097
1.9114   0.74623   0.054965
0.205221   1.16456   0.338686
-0.0552567   0.232751   1.38793
0.86688   -1.28269   -0.147211
-0.00507149   -0.668702   -0.122755
0.732489   -0.154691   -0.780522
-2.34658   -0.00170163   -0.634516
-0.00330707   0.446581   0.670057
-0.228833   -1.51092   -1.5504
-0.828182   0.677313   -1.61206
1.12841   -1.05495   -0.749424
1.73169   -0.474476   -1.3386
-1.7208   -0.645153   -0.790179
1.44283   -1.09225   -0.76547
0.322738   -0.470976   -1.57901
1.51103   0.3099   0.0933456
-0.287261   -0.67497   0.114272
0.00800252   -0.774872   -1.86248
0.440821   -1.25148   0.458854
-0.534744   0.342772   1.31148
0.16022   -0.0827586   -0.718863
-0.926696   0.557793   2.30248
0.302539   -0.536235   0.985039
-0.492097   -1.16422   0.743839
-0.23375   1.42329   1.40444
1.03008   0.521934   -1.66781
1.94006   0.812763   -0.307376
0.496553   -0.0162762   -1.01906
-1.89754   0.511054   0.774234
-0.321503   0.513362   0.675379
1.52409   0.455494   2.2324
-1.72136   -1.03578   0.308039
0.141581   1.71556   0.394829
0.600188   0.709977   0.553473
-1.65343   0.287201   0.824874
0.507   0.332511   0.999467
-0.00659058   1.08661   1.70587
-0.394975   0.199453   -0.465959
0.304766   0.807012   -1.91717
-0.547133   1.21252   0.275713
0.15238   -0.66818   1.30019
-1.17569   -0.0357148   -1.3367
0.451708   1.49683   0.33648
-0.668985   -0.173726   0.802953
0.489191   -0.143681   1.88797
-0.730695   0.160015   -0.696961
-0.793422   1.18119   1.54471
0.0526185   0.312239   -0.42349
0.699663   1.4539   0.211398
-0.769891   0.482713   -1.08257
-1.43283   1.70874   0.227953
1.34298   -0.357008   -1.48039
-2.59096   1.46697   1.26036
-0.366953   -0.508716   0.946933
1.11521   -0.0028839   1.45787
-0.030141   1.13869   0.195472
0.667757   0.417607   0.448326
0.276786   -1.11002   -1.13635
-1.19911   1.33536   1.16784
2.8179   0.583595   -0.68414
0.828354   0.461801   -1.35423
-1.36972   -0.434468   1.05671
-0.213797   -1.11083   0.163595
0.376107   2.187   1.25023
0.0491894   -0.951981   -0.713169
-1.42495   0.934349   0.144374
-0.421233   -2.05879   0.124915
0.417049   1.11117   0.481193
1.09152   -0.282489   0.242122
2.33753   -1.43759   -0.243518
1.7656   -0.0478714   -1.46867
-1.12909   -1.64732   -0.918621
-0.579262   0.587887   -0.918018
-0.659387   -0.962237   0.445192
0.253936   -1.26943   -0.362764
0.797862   -0.900993   -0.198782
-0.298276   0.133721   0.428367
0.966386   0.632029   -2.77917
-2.0422   -1.45954   -0.320797
0.604556   0.0296058   -0.13034
-0.201503   -1.29369   -1.28486
-0.780981   1.21845   -0.269946
-1.69264   -0.874348   -0.972077
-0.726124   -2.45225   -1.58106
-0.546853   -0.966448   -0.11041
0.366114   0.384721   0.952144
1.18086   -0.297575   1.16406
-1.1512   0.317009   -0.530868
-1.32517   -0.212596   -1.65413
1.40385   -0.0503838   0.212165
0.629529   0.6388   0.332805
1.45353   -0.393124   -0.611785
-0.665774   -0.843659   -0.175029
-1.00303   -0.882638   1.40433
0.25511   -0.91036   -2.54095
-0.9233   -0.665104   2.60948
0.0748982   2.47714   0.557422
-0.332113   -0.967641   1.97205
1.56512   -1.3756   -0.204142
0.834324   1.51248   0.483638
-0.393378   0.183176   0.256953
