0.0269975   -0.413977   0.485252
0.4003   0.172377   -0.229318
0.377924   -0.161435   0.485173
0.340402   -0.255265   0.264409
-0.112323   -0.247669   0.257757
-0.41711   0.419264   0.444013
-0.389699   0.286653   -0.0935134
-0.3753   0.21759   0.316374
0.278449   -0.0909527   -0.224496
0.191705   0.42285   -0.41047
0.360077   -0.301553   0.498562
0.236349   -0.377467   -0.444516
0.342897   -0.349954   -0.214331
0.164476   -0.236853   -0.455966
0.271036   -0.285603   -0.145285
0.341151   -0.235049   0.000500514
0.459679   -0.229007   0.185994
-0.34842   -0.260746   0.477581
-0.043835   0.387121   0.246438
0.358971   -0.160654   -0.0281995
0.310031   -0.234254   0.416235
-0.102792   0.342998   -0.221756
-0.454496   0.447597   -0.447266
-0.124209   -0.477142   0.00990767
-0.367597   0.212164   -0.325499
0.207417   0.072656   0.00780048
0.260626   -0.469743   0.295531
0.358045   -0.126221   -0.317345
0.370965   0.428965   -0.131104
-0.112284   -0.136934   -0.3617
0.0380819   -0.247866   0.155376
-0.4875   -0.418849   0.448969
0.214238   0.431684   0.447275
0.232305   -0.422743   -0.257583
-0.484829   -0.0489289   0.323951
-0.378034   -0.333056   0.18272
0.347924   0.345978   -0.132783
-0.339976   -0.230401   0.102778
0.311671   -0.35444   -0.312653
0.00272093   -0.0647726   -0.308708
0.312699   -0.446169   0.15211
0.330941   -0.274883   -0.272934
0.324743   0.21368   -0.348027
0.124794   0.229127   -0.467387
0.240459   -0.292801   0.378321
0.267089   -0.359512   0.410114
0.435786   -0.342494   0.217507
0.231678   -0.164955   -0.27351
0.448266   -0.305417   0.0520208
0.419989   -0.386503   0.315464
0.258504   -0.451961   0.383284
0.404775   -0.455479   0.0259205
0.476873   0.0848063   0.270788
-0.315045   0.149924   0.162707
0.0748265   0.455309   0.280774
0.289573   -0.204025   -0.142158
0.311784   -0.19383   -0.229878
-0.131649   0.262805   -0.279553
0.380417   0.231992   -0.0213327
-0.348943   0.298045   0.0210859
0.113889   0.229484   0.405345
0.474912   0.360606   -0.348004
-0.197291   -0.469052   0.0523365
0.0424275   0.288179   -0.0937688
0.390035   -0.152468   -0.101153
0.355706   -0.381754   0.0679603
0.0754626   -0.113133   -0.0152461
0.459259   0.224219   0.00497744
0.336287   -0.309552   -0.381453
0.339865   0.171109   -0.47054
-0.104575   -0.0407567   0.0986134
-0.362421   0.0589363   -0.04902
0.200047   -0.12835   -0.498995
0.433628   0.329604   -0.440664
-0.348432   0.43925   0.484828
-0.46345   0.0159849   0.266633
0.0696696   0.488396   0.408273
-0.22671   -0.209621   -0.11787
-0.350166   -0.0206947   0.49723
-0.329426   0.168437   0.0711643
0.233855   0.473452   -0.00765578
0.471086   -0.0810837   0.498145
-0.240359   0.396702   0.291283
-0.0807836   0.198273   0.00674531
-0.119207   -0.206874   0.0314775
-0.143558   -0.420219   0.077013
0.203099   0.0236253   0.0881601
-0.366019   -0.103524   0.441834
-0.284845   -0.284494   -0.303397
0.120256   0.434772   0.362441
0.358225   0.0926882   -0.251804
-0.0151109   0.152002   0.394195
0.13552   0.30014   -0.117637
-0.391965   -0.426909   -0.284969
0.15846   0.0115011   -0.0564088
0.149797   0.275256   -0.193349
-0.122819   -0.0385167   -0.463202
0.263309   -0.072063   0.480567
0.395095   0.0939836   0.161338
-0.0613126   0.241211   -0.218196
-0.314805   0.221774   -0.0745492
0.400419   -0.321475   -0.270373
-0.468812   0.0736483   -0.330154
-0.0402065   0.465121   0.367494
-0.224825   0.488831   -0.294451
0.273782   -0.384836   0.330655
0.153161   0.203237   -0.0845184
0.371089   0.441791   -0.0537228
