0.460048   0.470373   -0.274588
0.398098   0.0153319   -0.0666501
0.365563   0.330784   0.0921447
-0.36776   0.122924   -0.433909
-0.0842369   0.0381626   0.260108
0.163051   0.144799   0.221839
-0.0780116   -0.344389   0.199141
0.492094   -0.301159   -0.298796
-0.337773   0.216187   0.363753
0.335335   0.239424   -0.149683
-0.435012   0.319638   0.193409
0.305398   -0.4832   0.214664
0.242431   0.417905   -0.205683
0.316362   0.286352   0.313519
-0.34371   -0.221131   -0.176002
0.470917   -0.332809   0.377347
-0.13916   0.33711   -0.489866
0.412263   -0.424573   0.0467706
0.218805   -0.259267   -0.0778257
0.137177   -0.19661   0.267316
0.0471071   0.440955   0.234034
-0.154094   -0.184433   -0.151976
0.294664   0.140759   0.0456243
-0.0996226   0.0651771   -0.120126
0.42883   0.143179   0.177845
-0.169195   -0.281082   0.010508
-0.289672   -0.413706   0.329165
-0.0705908   -0.0390286   0.434081
-0.00467121   0.480112   -0.179686
0.457884   0.422164   -0.0694757
0.0763539   0.335366   -0.0639532
-0.114417   0.274073   -0.0660682
0.391131   -0.262059   0.217823
0.180366   -0.0397818   -0.1068
-0.31115   0.323593   -0.098514
-0.36837   -0.00686743   0.250449
0.155867   0.252081   -0.308137
-0.254702   -0.0535273   0.486125
0.312214   -0.383883   -0.367096
0.425506   0.163615   -0.400663
0.00227706   -0.181176   0.0536671
0.274715   -0.119413   0.092282
0.0724668   0.00760391   0.12314
0.485058   -0.0905923   0.369688
-0.0835826   -0.0378883   -0.345906
0.111159   0.0230804   -0.319954
-0.499256   -0.437614   -0.439566
-0.432194   0.00830663   -0.227426
-0.210122   -0.124741   0.159297
0.408325   -0.208617   -0.0577599
-0.419286   -0.136295   -0.377306
-0.0766817   0.474965   0.032645
-0.373762   -0.247801   0.284111
-0.399584   -0.0723189   -0.0440735
-0.35963   0.448643   0.463172
-0.0110866   0.173307   -0.25674
0.159433   0.15791   -0.136882
-0.344064   0.436334   0.0621024
0.473516   0.319991   0.427884
-0.197067   -0.467892   -0.129393
-0.238555   0.234022   0.127648
-0.000453889   -0.406583   0.38929
0.332907   -0.0121181   -0.421835
0.00573829   0.193737   0.103694
0.315078   0.0667835   -0.250499
-0.355094   -0.302791   -0.478991
-0.468641   -0.457444   0.213849
-0.0811231   -0.340463   -0.295661
-0.230446   0.402576   0.327915
-0.259479   -0.047971   -0.270868
-0.286525   -0.385148   0.114166
0.313044   -0.465275   0.435467
0.465889   -0.0588875   0.128909
0.0574361   0.375182   0.420526
-0.179353   -0.244414   0.382995
0.151144   -0.0221671   0.398256
-0.154714   0.352519   -0.262145
-0.00965947   -0.2069   -0.435389
0.164259   -0.342321   0.10619
0.136637   -0.425808   -0.467569
0.459018   0.108883   0.40085
0.198217   0.495212   -0.0230959
0.309493   -0.0738572   0.307058
0.240921   0.141164   0.461157
0.0268516   0.196629   -0.461432
0.422664   -0.218862   -0.462923
-0.413341   -0.240024   0.0999914
0.154318   -0.391996   -0.214551
0.183726   0.335733   0.130259
0.495816   0.216441   -0.0422882
0.261441   -0.274991   0.412656
-0.000114433   0.406396   -0.367836
0.361142   -0.396784   -0.174527
0.35839   -0.153287   -0.246263
0.314747   0.354765   -0.424329
-0.0742594   0.244787   0.326002
0.00970755   -0.35262   -0.0619044
-0.4305   -0.409645   -0.130674
-0.46336   0.218837   -0.270569
-0.218301   0.174879   -0.272202
-0.211855   -0.212908   -0.387502
-0.142938   0.128564   -0.498549
-0.34519   0.377753   -0.31881
0.207111   -0.187401   -0.374662
0.0417399   -0.177078   -0.207467
-0.176297   -0.444323   -0.487272
-0.295523   0.125648   -0.0513179
-0.326337   -0.400731   -0.306993
