-0.435215   -0.161096   0.0928185
-0.257191   -0.023777   0.0749357
-0.470763   -0.00805877   0.26503
-0.287371   -0.13845   0.271254
-0.0968522   -0.17798   0.12141
0.0456345   -0.0178491   0.0819224
-0.103155   0.01506   0.249435
0.0575782   -0.164961   0.242807
0.223327   -0.176112   0.0732166
0.393463   -0.01495   0.103715
0.219105   -0.0117303   0.251645
0.388279   -0.183531   0.280319
-0.417294   0.1586   0.0787805
-0.293445   0.341286   0.0776745
-0.4387   0.342077   0.232881
-0.291348   0.16039   0.248878
-0.116055   0.160324   0.0842548
0.0570391   0.31172   0.0992509
-0.153533   0.329343   0.232041
0.0389647   0.174906   0.272701
0.216921   0.146137   0.110644
0.388004   0.324602   0.096839
0.241342   0.298799   0.252253
0.393686   0.155602   0.261941
-0.435724   -0.489352   0.0774984
-0.252198   -0.311743   0.0626542
-0.427498   -0.316896   0.254466
-0.283573   -0.479724   0.248735
-0.121668   -0.472634   0.0696009
0.0365107   -0.344354   0.0810318
-0.0776067   -0.330019   0.265374
0.020194   0.474237   0.254171
0.229143   0.479922   0.105014
0.385082   -0.284636   0.0836372
0.197363   -0.324626   0.245085
0.412061   -0.468525   0.232109
-0.433569   -0.173977   0.455292
-0.23621   -0.00163809   0.432284
-0.413762   0.0210855   -0.410933
-0.250005   -0.18076   -0.429375
-0.0870232   -0.162909   0.387302
0.0553535   0.00578527   0.412564
-0.0697928   -0.00694194   -0.41867
0.0518574   -0.166309   -0.431791
0.206667   -0.163429   0.405012
0.366533   -0.00088701   0.42198
0.215908   0.0029711   -0.433069
0.389888   -0.167192   -0.430065
-0.432386   0.170991   0.393908
-0.293098   0.334052   0.408117
-0.450097   0.323158   -0.413372
-0.265376   0.198571   -0.372446
-0.138544   0.198888   0.437889
0.0538828   0.327121   0.435208
-0.136752   0.363749   -0.425319
0.0464681   0.188026   -0.410136
0.230254   0.173683   0.441856
0.37966   0.331358   0.411529
0.215259   0.34807   -0.416879
0.403743   0.156174   -0.401299
-0.467093   0.494969   0.401431
-0.272407   -0.335599   0.420298
-0.457985   -0.342698   -0.420463
-0.305208   -0.495018   -0.42207
-0.117021   -0.492896   0.406715
0.0738242   -0.36785   0.40924
-0.0794406   -0.3779   -0.408022
0.0583459   0.47961   -0.398099
0.239338   0.475053   0.375271
0.384924   -0.339405   0.428196
0.223246   -0.348291   -0.421089
0.393188   0.482274   -0.417429
-0.449899   -0.163369   -0.256145
-0.278685   -0.0494018   -0.239658
-0.448597   0.00295157   -0.0639414
-0.24182   -0.165975   -0.0801334
-0.106934   -0.169727   -0.276572
0.0883012   0.00963315   -0.259186
-0.100888   -0.00660453   -0.111778
0.0686872   -0.193652   -0.0702702
0.211277   -0.179816   -0.249153
0.39237   -0.00673398   -0.267464
0.194819   0.00785051   -0.0730447
0.402388   -0.164003   -0.091328
-0.438392   0.151927   -0.227332
-0.27693   0.330181   -0.216425
-0.436764   0.345435   -0.0807357
-0.274125   0.142731   -0.0695628
-0.10717   0.16086   -0.243862
0.0662462   0.342244   -0.239458
-0.0947453   0.33295   -0.0590944
0.0528734   0.174708   -0.069768
0.216295   0.179745   -0.275823
0.389276   0.332226   -0.253016
0.241238   0.32427   -0.1028
0.401663   0.179567   -0.0678693
-0.470627   -0.493138   -0.222802
-0.269621   -0.354298   -0.252695
-0.423456   -0.316379   -0.0965949
-0.277782   -0.490339   -0.0809276
-0.101818   0.490073   -0.228429
0.066173   -0.331818   -0.24143
-0.105575   -0.322031   -0.0937315
0.0474765   0.489891   -0.0504904
0.20481   -0.495492   -0.211258
0.374276   -0.339858   -0.248494
0.225507   -0.329402   -0.0861141
0.371154   0.491373   -0.0548728
