0.393719   0.364658   -0.296813
-0.464694   -0.457625   -0.297569
0.386365   -0.470951   -0.116041
-0.434812   0.383882   -0.141372
-0.280372   0.350715   -0.298586
-0.10872   -0.471878   -0.304077
-0.289444   -0.461493   -0.151628
-0.126056   0.366323   -0.122353
0.0451963   0.36682   -0.33171
0.203325   -0.484716   -0.335065
0.031409   -0.468962   -0.140408
0.225236   0.376569   -0.125626
0.362282   -0.308962   -0.286307
-0.456533   -0.130277   -0.299785
0.405263   -0.144548   -0.142189
-0.450531   -0.302795   -0.131145
-0.283532   -0.295505   -0.288908
-0.118421   -0.120021   -0.294388
-0.308009   -0.143514   -0.126774
-0.115483   -0.300399   -0.135794
0.0550242   -0.308834   -0.315646
0.225434   -0.140592   -0.288396
0.0367477   -0.134975   -0.142465
0.202747   -0.317769   -0.116624
0.402429   0.0449816   -0.297557
-0.446219   0.209605   -0.29446
0.398888   0.222867   -0.11874
-0.453268   0.0293325   -0.13508
-0.294759   0.035145   -0.279708
-0.122639   0.202702   -0.263788
-0.293036   0.203079   -0.116072
-0.128124   0.0368058   -0.132596
0.0504317   0.0297149   -0.268781
0.209258   0.185684   -0.300888
0.0568309   0.213432   -0.123827
0.225933   0.0373296   -0.124196
0.417879   0.378913   0.0330378
-0.439803   -0.436053   0.0393184
0.40403   -0.447427   0.221252
-0.45461   0.386725   0.208107
-0.283348   0.362817   0.0315814
-0.128032   -0.465833   0.0171731
-0.268672   -0.453911   0.189944
-0.140284   0.359352   0.221848
0.0249694   0.376689   0.0531591
0.242258   -0.464946   0.0430737
0.0388353   -0.465248   0.208933
0.213173   0.376147   0.19981
0.397098   -0.283363   0.0537259
-0.444525   -0.13032   0.0428409
0.36565   -0.132839   0.196722
-0.424259   -0.300987   0.212612
-0.264928   -0.30114   0.0463666
-0.107719   -0.145271   0.0427508
-0.278263   -0.106946   0.193842
-0.111124   -0.298298   0.188611
0.053013   -0.296705   0.0416416
0.213068   -0.144186   0.0312371
0.0332138   -0.12433   0.217222
0.216592   -0.27773   0.228656
0.38384   0.034678   0.0299001
-0.463105   0.184549   0.056136
0.376551   0.202282   0.203302
-0.456676   0.026299   0.200723
-0.2789   0.0277626   0.0300214
-0.119167   0.20295   0.0468027
-0.305236   0.202935   0.20157
-0.121625   0.0498665   0.212131
0.0380552   0.0285264   0.0401545
0.237891   0.213632   0.0360914
0.0491882   0.202483   0.189363
0.200078   0.0270049   0.206896
0.378671   0.375952   0.382071
-0.45523   -0.46221   0.37777
0.369786   -0.457751   -0.466911
-0.457591   0.374672   -0.453278
-0.31124   0.354777   0.37903
-0.135849   -0.479384   0.37465
-0.290654   -0.48501   -0.449441
-0.134553   0.344169   -0.474481
0.0512429   0.380376   0.362861
0.222772   -0.453051   0.368906
0.0339692   -0.47148   -0.48034
0.215256   0.368498   -0.480332
0.387164   -0.274967   0.369275
-0.462598   -0.12504   0.377843
0.372265   -0.125461   -0.448367
-0.445528   -0.301358   -0.459289
-0.279806   -0.306783   0.377238
-0.120765   -0.128073   0.35827
-0.278382   -0.137496   -0.467995
-0.110388   -0.297464   -0.461801
0.0496663   -0.298473   0.363189
0.220862   -0.122005   0.370131
0.033115   -0.137322   -0.454513
0.2123   -0.29169   -0.470639
0.378674   0.0248679   0.381339
-0.475258   0.208535   0.371956
0.374708   0.204359   -0.46089
-0.458845   0.0443686   -0.464779
-0.320241   0.0395425   0.3574
-0.141198   0.184174   0.376192
-0.292478   0.184383   -0.462945
-0.119542   0.0439741   -0.436685
0.0145004   0.0424465   0.382771
0.213862   0.206619   0.375845
0.0524252   0.203075   -0.4728
0.194276   0.00979522   -0.472298
