1.70586   0.488925   -1.26717
0.0650994   0.576133   0.238086
3.11955   0.356176   1.04942
-0.510525   -1.18917   -0.876371
0.201535   -0.0999511   0.882765
-0.805631   -1.07095   -0.0778909
0.39879   -0.557417   0.0905649
-0.474313   0.339069   -0.502783
0.129827   -0.168598   -0.17399
1.4734   -1.22919   -0.488348
-1.14645   -1.16638   -0.442192
-1.93383   0.316486   -0.54357
-1.41672   0.286152   -0.921615
-0.672757   -1.51243   0.362074
0.503255   1.2053   -0.0819241
-0.281829   1.6665   -1.51596
-1.00135   -0.138703   -0.422499
-0.480231   -1.0197   0.607985
1.01841   -0.111841   -0.0935505
0.815081   0.550467   0.259246
0.59715   0.033525   -0.738351
-2.25811   0.130893   -1.08405
0.563168   -0.0807351   0.428901
-1.31315   0.0489826   0.693671
-0.454681   -0.42878   -0.668984
-0.911047   -1.29485   -0.347788
0.163171   0.319151   0.615762
-1.15124   -0.032108   1.49926
0.280515   -2.62798   -2.13345
0.41968   -1.41737   -0.621315
-0.933118   0.976432   -1.11316
1.67536   -1.19679   0.683427
1.11998   -1.69112   1.12069
0.318702   -0.0556025   -0.6472
-0.0760879   -0.802671   0.577026
0.0491974   0.236052   -1.10964
0.00972829   0.62661   1.35417
0.163386   1.31511   -1.02514
-1.69611   -1.34037   -0.465211
0.60318   -0.0666401   1.03214
2.77745   -1.18541   0.78336
-0.670062   -0.625452   1.295
-2.32329   0.0330477   0.796319
0.617707   0.130541   0.231051
-0.0389268   0.258048   -0.661741
0.476203   -0.863133   -0.275213
1.07663   0.568302   0.191104
-0.399064   1.03376   0.488336
1.41436   0.144689   0.587833
-1.17506   1.02187   -0.44593
-0.0545257   -0.761054   0.163717
-0.572396   0.621126   0.191148
-0.291803   -0.153799   1.35276
0.5654   2.00133   -0.634481
1.22212   0.286885   0.910629
1.74545   0.0416303   0.36463
0.620566   -0.915623   0.225792
-0.787777   0.0789669   0.531529
-0.0661053   -0.457404   -0.357789
0.0785201   0.127593   -0.584076
-1.29101   1.08434   1.39675
0.324543   0.45239   0.480608
-0.331819   0.279445   -1.64062
0.604652   1.56125   -0.334967
0.509523   1.4248   -0.0114387
0.117693   -0.0886132   -0.551033
0.227809   -0.159142   0.963687
0.385413   0.143953   1.39501
-0.578806   -1.51692   0.369507
-0.178768   0.28608   -0.266073
0.91736   0.519629   -0.170822
0.99022   1.05675   -1.48593
0.207446   -0.247485   0.69429
-0.118796   -0.893423   -0.296369
0.117371   0.548978   -1.81007
0.250297   0.452614   0.337647
0.11897   -1.2535   -0.476891
-0.0541941   1.50616   0.391469
-1.50704   0.6532   1.2717
0.149242   0.36506   0.415268
0.0450548   0.0477243   -0.648862
-0.195264   1.05222   -0.315223
0.000531118   0.676737   -1.55969
-0.015847   -1.25693   1.21845
-0.00372103   -0.0915753   -0.845283
-1.81951   -0.905269   0.830815
-1.50499   -0.109063   1.13985
-1.07345   -0.528438   -0.638428
-0.616088   -0.0955277   -0.198199
1.1311   0.857343   -0.601207
-0.268141   -0.0729605   0.35934
1.6439   -0.875876   -0.695645
-0.973703   -1.13378   0.183444
0.32091   0.00522733   -1.06604
1.44285   0.800763   0.255974
0.318367   0.160611   -0.527672
-1.02307   0.0190095   1.79192
0.433922   -0.03561   -0.54683
0.319745   1.30833   -0.528991
0.792946   0.78292   0.833111
-0.377565   1.26787   1.47169
-0.664473   -0.0524498   0.245095
0.153453   1.39501   -0.478025
-0.15825   -1.59739   0.467144
-1.93321   -0.879017   0.28426
-1.11684   1.51562   0.384112
1.49422   -0.129978   -0.277225
0.694759   0.140382   -0.4966
