0.329142   0.228223   0.244393
0.406538   0.15992   0.00315937
0.16763   -0.411049   0.460086
-0.387356   0.47612   0.0316551
-0.0272764   0.399665   0.371909
-0.19189   0.313838   0.403628
-0.145777   0.408325   0.246952
-0.236595   -0.489389   0.379787
-0.0390443   -0.153987   -0.149769
0.17836   -0.263592   0.0327077
0.108602   0.475354   -0.017694
0.3202   -0.360997   0.241797
0.467085   0.198599   0.30501
0.0650448   0.470218   0.46768
0.00480938   0.497387   -0.347948
-0.000232783   -0.42444   -0.466386
-0.152983   -0.317995   0.291091
-0.353683   -0.231694   -0.117678
-0.444682   -0.360771   -0.225384
0.443321   -0.0933267   0.292595
-0.409901   -0.427956   0.353785
0.178666   -0.145013   0.445051
-0.334415   -0.473917   0.366238
0.454355   0.255422   0.379212
-0.251208   0.415759   0.389056
-0.201791   0.414075   -0.266698
0.308315   0.445919   0.098556
-0.160509   0.108305   0.0989745
-0.0546569   0.262494   -0.344946
0.0873832   0.281628   -0.161036
-0.0623573   -0.124037   -0.464996
-0.0704398   0.421101   0.474552
-0.118347   0.473997   0.235062
-0.316695   0.410067   -0.422679
0.344895   -0.0224425   -0.32309
0.206556   0.488389   -0.0369347
-0.0451844   -0.310549   0.268549
-0.350845   0.371777   -0.212474
0.455169   0.212742   -0.464278
-0.391184   -0.308431   0.0227051
-0.285216   -0.115744   0.404802
-0.356423   -0.179804   0.0995379
-0.190067   -0.0196948   -0.0513153
-0.197949   -0.0825298   0.33806
-0.0901278   -0.10629   0.0466907
-0.0219131   0.0416231   -0.0143029
0.491115   0.166274   0.478305
0.218814   -0.388057   0.157138
0.468048   -0.45098   0.0427779
-0.311418   -0.0731971   0.0122901
0.237334   -0.0857494   -0.000339473
-0.408654   -0.405406   0.272314
-0.260049   0.352086   -0.188104
-0.39005   -0.405117   -0.0448412
-0.246371   0.308603   0.462876
-0.228382   0.191548   -0.20672
-0.160296   0.177451   0.181492
-0.165054   0.452797   -0.119915
0.311838   -0.4329   -0.0704051
0.418232   -0.00740771   -0.0716778
-0.374442   0.29489   0.105828
0.293751   -0.354747   -0.0300889
0.0251222   0.149811   0.126985
-0.0713589   -0.13843   0.205706
-0.352649   0.0488093   -0.191456
-0.00907227   0.49456   0.320105
-0.2106   -0.138119   0.132726
0.374824   -0.299347   -0.46409
0.0342679   -0.00585544   0.0570805
0.402946   0.127222   0.473483
0.497189   -0.100656   -0.453696
0.308291   -0.484865   0.440012
0.409335   0.470587   0.0644872
-0.335667   0.287133   0.344839
0.272864   0.222889   0.369657
0.491692   -0.239723   0.189942
-0.234493   -0.0258764   -0.342997
-0.00446105   0.0544509   -0.223414
0.128535   -0.0119155   -0.0630595
-0.388364   -0.459164   0.429361
0.372923   -0.083626   -0.452192
0.259889   -0.368811   -0.122364
-0.365317   -0.35945   0.112393
-0.304286   0.319888   0.154498
-0.268114   -0.106978   -0.310198
-0.270538   -0.0353795   0.440001
0.291314   0.0710157   0.436733
0.131559   0.174729   0.284041
-0.442776   -0.445549   0.0351428
0.374394   -0.258486   0.176508
-0.475499   0.17887   0.0213402
0.329775   0.316011   0.423646
-0.225749   -0.187809   0.377148
-0.0543887   -0.445845   -0.405752
-0.338558   0.458417   -0.205441
-0.0884338   -0.226013   -0.0456262
0.333084   -0.198031   0.456508
-0.125391   0.160519   0.480663
0.101456   -0.364863   -0.154403
0.0977559   0.131394   -0.310258
-0.163239   -0.234754   0.000484936
0.198441   0.121871   0.0658196
-0.311453   -0.136167   0.324338
0.358323   -0.278577   -0.0268912
-0.164361   -0.416821   -0.43891
-0.243067   -0.218843   -0.495734
0.151545   0.458637   0.345645
-0.0294272   -0.124241   -0.269407
