-1.86261   -1.31983   0.40571
0.000758005   0.294699   0.714833
-0.675439   -0.750669   0.508089
-1.77706   1.45478   -0.0925162
-1.83007   0.0117109   1.92382
0.220038   -0.686607   1.35578
1.39342   0.720734   -1.28044
-0.541579   0.227243   0.145098
1.03313   -0.00131296   0.309851
1.45612   -1.95139   -1.23599
0.101253   0.07016   -1.52545
0.235491   -2.25584   -0.197419
1.48416   0.25302   -0.573717
-1.25083   0.542001   0.591508
0.558234   0.20699   -0.20725
-1.77328   -0.495681   1.13332
2.13477   -0.439247   -0.670258
-0.184352   -0.291822   0.053762
-0.924841   0.08821   -1.32121
-0.655843   -0.703945   -1.08394
-0.90476   -0.487638   0.727133
-0.50125   -1.08537   -0.68819
0.126792   0.350621   1.39824
0.76193   1.1213   1.6101
-0.113998   1.91225   0.25658
-1.7169   -1.74024   0.0474151
-0.162159   0.252795   0.196714
0.815244   0.441242   0.0875272
-1.12786   0.742555   2.56483
-1.11216   -0.697122   1.73667
1.4126   0.0142222   0.0430266
0.0446453   0.443601   -1.0868
1.13252   0.101259   -2.56919
0.0745875   -0.389039   -0.28773
-0.374111   1.10217   0.396193
-0.3659   0.632886   -1.36712
-0.766513   -0.344127   -0.540612
0.57676   -1.32222   -1.40611
0.61121   -1.99338   -0.292525
0.525357   0.33312   -0.964925
1.05875   1.11294   0.592355
-0.509723   -0.845201   -0.495316
-0.575268   -0.23101   1.11148
0.939753   0.0968246   -0.624124
0.84424   3.15761   -0.781522
0.267947   1.54739   0.398274
1.40462   0.246535   1.46596
0.6516   1.67191   -0.0222789
0.599844   -0.600755   0.0708457
-0.239167   0.122391   0.600205
-1.39032   0.540287   2.05482
0.818645   0.244896   -1.51671
1.62375   0.0554143   -0.882129
0.276549   -0.679212   -0.331538
0.386732   3.3175   -1.44478
2.76547   -0.642227   1.00241
0.197675   -2.66983   -1.10034
-0.343935   1.32924   1.48096
0.459607   -1.27898   -1.60907
-0.277579   -0.309016   -2.01034
-0.452565   0.610233   1.35642
1.23752   -1.4006   -1.85947
0.841319   0.409814   -0.0750504
-1.14157   -1.05578   1.42428
-0.101199   -0.926273   1.06567
0.527509   -0.243949   0.315336
0.0402428   0.0554097   -1.56429
-1.8689   0.0175634   -1.78681
2.23474   0.626384   0.60908
0.397718   0.806463   0.190717
0.258435   -0.946563   0.0627717
0.421775   -0.967046   -0.271882
1.81527   1.60932   0.161685
0.600623   0.0820097   -0.232811
-1.81334   -1.49609   -0.351041
-1.0953   0.190013   -2.13342
-0.16539   1.36415   -0.0134258
0.207804   -1.53269   2.06865
0.390912   -1.18921   2.3618
-1.60162   0.175327   1.05971
-1.5019   0.358675   -0.708312
-0.0938444   1.41699   -0.257113
-0.571139   0.241382   0.300906
-0.954866   0.789562   -0.183372
-0.481916   -2.00286   -0.0200643
0.487771   2.1002   -0.0849208
-0.791656   0.636349   -1.94596
-0.459544   2.39652   0.683076
0.592867   -0.597453   0.470164
-1.14125   0.480929   0.940556
0.763357   0.898776   1.90936
0.250596   -2.52054   -0.578368
-2.83061   -1.08292   0.784545
-0.053159   1.45943   -1.42589
-0.504833   -0.459332   -0.0320877
0.645728   -1.04117   0.940352
0.358778   0.400832   0.367056
3.25173   -0.306198   1.06042
-0.113743   1.36163   -0.235237
1.62589   -0.837689   0.543231
-0.339727   -0.479998   0.904981
-1.59748   -0.306005   0.825149
-0.900935   0.00242402   -0.533476
-0.321832   0.157636   -0.11119
-0.66419   2.07592   0.847369
-0.325193   -1.41313   -2.72793
-0.865058   -0.582595   1.25967
0.765507   0.115352   -2.15481
