-0.197166   -0.374226   0.00946021
-0.367033   0.379963   0.320556
0.127425   0.38184   0.222534
-0.208912   0.316308   0.00538895
-0.3716   -0.0297395   -0.439249
0.467521   -0.323322   0.000671701
0.325352   0.48296   0.246715
-0.383543   -0.00857844   -0.00526186
0.295489   -0.217163   0.391434
0.217723   0.103667   -0.237478
0.275605   -0.265673   0.211119
0.266671   -0.49918   0.439241
-0.0919408   -0.162559   0.301223
-0.399596   0.18686   -0.0440166
-0.219268   -0.297586   -0.0276562
0.0201378   -0.269811   -0.443783
0.452358   -0.322278   -0.359821
0.425349   0.248899   -0.230444
0.162617   0.45649   0.164094
0.1625   0.0482891   -0.267523
-0.288935   -0.47787   -0.25636
-0.413286   0.0289175   -0.0723426
0.00471412   0.353226   0.493315
0.323132   0.437075   -0.121616
-0.0512643   0.294023   -0.395807
0.0226922   0.189583   -0.427137
-0.215556   -0.180678   0.417303
0.324815   0.305332   0.492436
0.290391   -0.260154   -0.0376169
0.082742   0.424616   0.147491
0.182976   -0.440056   0.231505
0.286466   0.374923   -0.292384
0.212282   0.0523436   0.319552
-0.499544   0.276276   0.3167
-0.0944918   0.324218   -0.288268
-0.2376   0.359025   -0.0561496
0.49656   -0.250942   -0.0890105
-0.122648   -0.236135   -0.111863
0.0908359   0.141238   0.120647
0.341479   0.229555   -0.449529
-0.337801   0.22764   -0.423883
0.362439   -0.0806653   -0.255196
0.0747337   0.391332   0.0607215
0.112328   0.172944   -0.284768
0.162847   0.312766   -0.0704711
-0.290753   0.432042   0.328441
0.062078   0.494296   0.204908
0.331791   0.415657   0.493687
-0.14427   0.0438959   0.0233471
-0.130915   0.441757   0.291572
0.160549   -0.17709   0.202453
0.0354079   0.431393   0.43912
0.431706   0.103085   0.216445
0.323517   -0.420428   -0.230423
0.138949   0.464964   0.249416
0.238611   -0.461512   -0.120405
-0.13063   0.29919   0.250436
0.415144   0.410583   -0.235411
0.215351   0.390435   0.234337
0.445236   0.353021   -0.0168577
-0.20315   0.457592   -0.315023
-0.0272894   0.185998   0.08265
0.153787   0.198344   -0.206742
-0.130362   0.303143   0.347273
0.157295   -0.12741   -0.0954434
0.348652   -0.221272   0.207091
0.0133625   0.170525   -0.310186
0.470606   0.042597   0.434357
-0.475111   0.388872   -0.0647105
-0.321689   0.297397   0.273813
0.273151   -0.330374   0.0500727
-0.051117   0.121311   -0.204281
0.192928   0.330268   0.154884
0.406755   0.320212   0.398964
-0.370425   -0.4666   -0.369703
0.250387   0.426211   0.395231
-0.423116   -0.418578   0.0327153
-0.208405   0.0746622   0.271374
0.15924   0.444283   0.398608
0.210139   0.0662706   0.100945
0.10428   -0.132961   0.285107
-0.194287   -0.490943   -0.18012
0.498403   -0.00176503   -0.436279
0.432267   -0.0251975   -0.272869
0.069287   0.274645   0.0311357
-0.131556   0.0908579   0.0937724
-0.265974   0.309604   0.340256
-0.204552   0.330891   -0.304684
0.496249   0.472284   -0.309307
0.0758509   -0.274889   -0.281353
0.127681   0.406932   0.498375
-0.341985   0.354261   0.48678
0.466283   0.161166   0.00913182
0.454364   0.0899048   -0.381073
0.123536   0.188454   0.00224846
-0.265634   -0.204398   -0.448987
-0.242119   -0.27105   0.482857
-0.0545881   0.0928879   -0.309705
0.0124612   -0.298418   -0.126248
-0.235113   -0.332916   -0.468392
0.302614   0.485195   0.337594
-0.176475   -0.0383581   -0.335304
0.350861   0.365124   -0.422618
-0.104638   -0.0450344   -0.467258
0.0899912   -0.474882   0.437533
-0.268645   -0.152631   -0.155269
0.0697948   0.468004   0.334331
0.220616   0.486205   0.0596698
