0.240396   -0.98138   -0.881181
1.29458   0.947469   0.587815
1.65593   -0.745886   -0.641235
-0.153567   -0.20974   0.351989
0.045245   -1.32066   0.157091
-0.935488   -1.38851   0.324868
0.0594272   0.905089   -0.893408
0.317998   0.964468   -0.101184
0.680578   -0.524077   1.72119
0.69254   1.78866   1.86223
0.490463   0.943646   -2.15241
-0.00406425   -0.46083   1.21136
0.668751   -0.673129   0.581116
1.36896   0.130444   -0.921582
0.351962   1.10942   -0.345606
-1.56114   0.796592   -1.73179
0.768603   0.646609   0.827091
2.11965   -0.720821   1.78562
1.17013   0.749855   0.572285
1.0359   -1.13572   1.52421
0.0581402   -0.427639   -0.560532
1.8417   0.0704651   0.47377
1.32887   0.148669   1.06633
2.04786   -0.267624   -0.815493
-1.08946   -0.254226   0.336411
-0.109801   0.327231   0.265271
2.41911   -0.406219   0.119608
-1.54098   0.637987   0.650015
-0.338026   -1.83023   -1.09158
-0.959449   -0.226142   -0.330826
-0.914767   -0.0451337   1.03549
1.02799   0.524949   0.07053
0.545647   1.42205   0.895393
-0.288545   -1.07289   0.832402
0.614334   0.769487   0.75294
0.236707   -1.35481   -0.824312
-0.286184   1.81769   -0.558861
0.334819   0.062255   -0.0476773
-0.262273   0.0477498   0.452213
-1.21176   1.38864   1.04685
0.315942   -1.7077   1.69454
2.04368   0.155519   0.745221
-0.838195   -0.480846   -0.771261
-1.62187   0.228671   -0.376285
-0.162992   -1.30326   -0.434583
-0.242124   0.521518   0.00123316
-0.649772   -0.777917   0.929633
-1.20663   -1.11213   0.254112
-0.998051   0.67406   -1.09015
-1.64658   -0.292225   -0.0158588
-0.687578   -1.40132   3.18684
-1.53624   -0.969143   0.411533
-0.717297   -0.342133   -0.187029
-1.38712   1.42301   0.720886
0.941434   -1.21095   0.622848
0.281031   -1.39679   0.281251
-0.00519448   -1.96831   0.0284823
-0.203059   1.30312   0.278442
1.04002   0.463158   0.817751
0.355032   1.32367   -0.900572
-0.686106   2.13877   -0.788346
-0.309473   0.395892   -1.36702
-2.00425   0.67973   -0.517175
2.2091   0.905273   0.662699
0.0662009   0.641193   -1.22269
-0.851039   0.371408   0.317639
-0.624424   2.54467   0.257603
0.855937   0.29754   -1.46942
-1.69291   -0.316935   -1.27444
-0.832045   0.721793   -1.7096
1.28274   -2.74903   -3.21488
0.575266   1.442   -0.41037
0.803533   -0.508738   0.396348
0.041259   -0.29579   1.23384
0.0402216   -0.166292   -1.01787
0.312367   0.521651   -0.664261
-1.06159   -0.621743   -0.664058
-0.943356   0.217813   -0.10838
-0.450444   1.56616   0.97932
0.98844   -0.340395   -0.974469
-1.3571   -0.0454188   -1.45195
-0.138804   -1.15865   -0.339999
-0.353156   -1.02798   1.44176
0.119323   -0.808786   -1.17703
0.416562   -1.66318   -0.884412
0.416397   1.07764   -1.31914
-0.89159   -0.0648086   -0.772464
-1.27318   0.143044   0.195374
-0.776826   -0.414383   0.606866
-0.463735   1.26474   0.826967
0.448441   0.0811507   0.0758743
-0.194038   0.381552   1.32397
0.336259   1.52671   -0.244307
-0.435624   -0.984075   -0.423005
1.21274   -1.44747   1.13142
-0.206184   -1.26868   0.250238
1.64593   2.09625   0.418297
0.823907   0.579281   -0.393353
-1.24234   -0.413381   -1.04218
0.474245   -0.393857   -0.435289
0.694533   -0.548818   -0.462007
-0.203195   -0.666097   -0.000141998
-0.119062   -0.382857   0.525839
-1.26717   -0.258678   -0.280641
0.823671   0.536668   0.230794
-0.872017   1.29491   -0.748809
-1.1539   1.27029   -0.122786
-1.01872   -1.43383   0.822191
