-0.135665   0.15855   -0.366539
-0.0819862   -0.465883   -0.361694
-0.397678   -0.169261   -0.204252
-0.394561   0.499925   -0.260136
-0.150088   -0.390412   0.203988
0.150524   -0.324215   0.419802
-0.138912   0.36345   -0.449981
0.379866   -0.483753   -0.249106
0.0758672   0.479984   0.481315
0.481664   -0.291705   -0.316812
-0.169291   -0.217294   -0.241987
0.0546297   0.380682   -0.344899
-0.28213   0.172992   -0.132303
-0.0644992   0.162988   0.375947
-0.37512   -0.0191663   0.40151
-0.156427   -0.0685225   -0.475349
-0.0410985   -0.186203   0.257506
0.23739   0.0689085   0.351286
-0.112858   0.0851915   0.0880834
0.0805822   0.0732112   -0.00770779
0.27307   -0.178512   0.335767
-0.355907   0.147718   -0.352534
0.0554351   0.0344083   -0.480637
0.214215   -0.461196   -0.104651
-0.438664   0.224732   0.475578
-0.120904   -0.401275   0.400971
0.42503   0.105565   0.0960834
-0.323087   -0.0385079   -0.0348387
-0.280931   0.342969   0.379489
-0.184327   0.364449   -0.236849
-0.291843   -0.316581   -0.365975
0.258676   0.361435   -0.293335
0.324876   0.207147   0.491363
0.195253   0.257789   0.285992
0.146134   -0.419062   -0.357743
0.480481   0.0347145   -0.446386
0.376919   -0.335917   0.00363343
-0.247433   -0.0162602   -0.282668
-0.399721   -0.432879   0.072412
-0.340363   0.104828   0.100379
0.384104   0.14636   -0.305351
-0.142762   -0.0145974   -0.110541
0.303143   -0.280549   -0.191335
-0.26432   -0.405744   -0.15394
-0.0190507   -0.285267   -0.474316
0.0510705   -0.341084   0.111198
-0.0479048   -0.494714   -0.111183
0.424581   0.425589   0.195028
0.4391   0.446185   -0.0188854
0.203958   -0.223975   -0.422119
0.332687   0.0415198   -0.107825
-0.0104914   -0.123939   0.0432356
-0.375282   0.170267   0.289925
-0.0290115   -0.0174886   -0.284204
-0.471477   -0.363874   0.243009
0.241411   0.0175447   0.106761
0.0635446   -0.262614   -0.217144
0.424671   -0.157896   -0.487099
0.171567   0.12942   -0.194952
0.193928   -0.211669   -0.041294
0.384825   -0.096151   -0.29096
-0.457245   0.057817   -0.166253
0.177421   0.47996   0.0983358
-0.34332   0.380816   -0.0771237
-0.034381   0.16095   -0.165642
-0.442596   -0.0513445   0.189827
-0.452908   0.298371   -0.224852
0.015756   0.23939   0.134289
0.333352   0.287087   -0.104783
0.44765   0.336773   -0.3885
0.435056   0.210697   0.285412
0.402611   -0.150383   -0.0862361
0.279775   0.447669   -0.49815
-0.475271   -0.380259   -0.128501
-0.316365   -0.479704   0.481113
-0.283873   -0.268953   0.414652
-0.480857   0.249016   -0.0169364
0.310152   -0.345022   0.209776
-0.0874571   -0.296496   -0.0474114
0.0433435   -0.454958   0.279922
-0.0454926   0.361145   0.332046
0.375511   -0.152233   0.137264
0.232118   0.453095   0.291966
-0.495022   0.393077   0.376368
-0.281987   -0.220813   0.196375
-0.204864   0.0373225   0.259045
-0.242312   0.124462   0.480095
-0.447917   -0.216076   0.0487612
0.153341   -0.19295   0.172909
0.418481   -0.00865019   0.335259
0.112803   0.245598   0.482746
0.0793977   -0.135693   0.402219
0.393019   -0.352923   0.400939
0.154087   -0.0810481   -0.213155
0.0998619   0.304963   -0.0326009
0.478687   -0.471891   -0.456666
0.261455   0.0202615   -0.444091
-0.398747   0.325579   0.153302
-0.341584   0.351096   -0.394396
-0.186812   0.267221   0.212299
-0.206293   -0.498839   0.0287196
-0.108064   0.321527   -0.0286624
-0.328685   -0.490879   0.268909
0.0628824   0.00611258   0.231323
-0.474898   -0.199998   0.336432
0.285847   0.248286   0.107731
-0.0237983   0.445881   0.113725
-0.377267   -0.11741   -0.420529
