-0.215147   0.535535   0.0865026
-0.713275   0.180076   -0.733391
0.32953   0.832402   -0.35371
0.0854775   -0.72471   0.665614
0.646523   0.409921   -1.09982
1.21256   -1.15381   -0.743107
-0.985248   0.209934   -0.135964
1.4765   1.21374   -0.692454
0.594497   1.64997   1.2844
0.644088   -0.0309878   -0.131961
-0.541322   -0.224752   -1.46185
-1.03889   0.19907   0.173429
-0.0518406   1.07803   0.828686
-1.42451   1.42122   0.0516596
0.557882   1.71036   -0.145761
0.56266   -0.461031   1.69268
-0.440886   -1.08919   -0.499309
0.0328866   -0.377042   -0.0524103
0.714381   0.694214   0.76652
0.60204   -0.430619   1.37468
-1.68631   0.758829   -0.635611
1.21158   -0.410858   -0.209174
0.443961   0.219832   0.79849
-0.924718   0.618113   -0.65392
1.47541   -1.43611   1.12593
0.378459   -0.28694   0.11696
-0.969435   0.597395   0.11265
0.328651   -0.56131   1.42555
0.207312   0.0561166   -1.12148
0.456293   -0.0504113   0.0600138
1.5509   0.421736   0.000630168
-1.53339   -0.37504   0.341841
-0.965602   -0.0233784   -0.0644564
-0.0348104   -0.675366   0.404672
0.886121   1.82936   0.448437
-1.33959   -0.549621   0.63686
2.04745   -1.83595   -0.410134
-0.549362   0.062621   -0.177871
-0.454262   0.410464   -0.284208
0.0104988   -0.927637   1.27975
1.11836   -0.656287   -0.286545
0.79447   -0.970734   -0.900259
-0.440054   -0.376627   -0.232273
-0.913276   0.0996309   -0.721426
1.39238   1.22637   1.14966
2.23203   -0.686989   -0.429849
-1.84   0.742336   0.286459
-0.648174   -0.298361   0.835343
-0.279339   0.339738   -0.462112
-0.872332   -0.925811   0.0981385
1.31667   -0.564999   -1.26526
0.608328   0.393066   -1.20364
-1.29839   0.273814   0.613237
0.83711   -1.16091   0.0925881
0.247547   -0.118971   -0.964798
-0.782755   -1.36603   0.0364803
0.938274   -0.595089   0.00155893
-0.111138   0.23574   0.667105
-0.980815   0.0565817   0.206667
-1.12434   0.293204   0.741302
1.00403   -0.595417   0.156452
-0.873017   -0.672331   -0.552181
0.531349   1.18461   -0.120154
-0.367553   -1.4198   0.157916
0.182968   0.0772541   -0.0348833
-0.727225   -1.11096   0.565793
-0.843932   0.616383   -0.819302
0.0164683   0.0790521   -0.943999
-0.374509   0.519808   -0.633339
0.526464   -0.66191   -0.465714
-0.38612   0.690659   0.336913
-0.16697   -0.0589176   0.066441
-0.609096   0.0311422   -0.652457
0.934863   0.0224661   -1.16765
-0.469293   1.05372   -0.509894
1.33167   0.626171   0.222483
0.390014   1.17742   0.0396818
-0.95819   -0.768889   0.311141
0.0177527   -0.330094   -0.622981
0.0229387   0.124117   0.691272
-0.416313   -0.968696   -1.04389
-0.695883   0.551475   0.196751
0.489844   -0.223286   0.837723
-0.762457   -1.0784   0.717232
-1.48125   -0.186592   -0.50112
0.654074   -0.314688   0.526787
-0.0825825   -0.115394   0.359921
-0.0913061   -0.369991   1.20923
0.145016   0.846987   -0.791012
-0.503158   0.605785   -1.41755
-1.23046   -0.742628   -0.144803
1.94923   -0.555919   0.299071
1.02542   1.02289   0.0436176
-1.31522   -0.237504   0.41285
0.631521   1.77828   1.19666
-0.0340955   0.670296   -0.335917
0.0804695   -1.04664   -0.308448
0.333216   0.291855   0.219632
-0.522079   0.620112   -0.112236
-0.686186   0.617177   0.607303
0.484162   0.121062   0.459037
-0.922262   -1.18475   0.197531
0.298898   0.414028   -0.949141
-0.219095   -1.24351   -1.10693
-0.138905   -0.475307   1.5103
0.704452   0.604693   -0.142556
0.252092   -0.116146   0.186845
0.0886244   0.706475   -0.484167
