-0.0819729   0.490161   -0.039093
0.222067   0.480485   0.333815
0.101258   0.134488   -0.0925732
-0.464026   -0.478201   0.352191
0.496839   -0.448026   0.0596293
0.402683   0.162822   0.167674
0.117909   0.173539   -0.0234689
0.0135718   0.188507   0.261649
-0.492384   0.232675   0.450201
-0.109009   -0.0910528   -0.0380612
0.157689   -0.109156   -0.204973
0.36333   0.176325   0.475286
0.0672082   0.30559   0.383595
0.119693   0.216933   -0.191087
0.49718   -0.351204   0.475833
-0.406828   0.161934   -0.395135
-0.132198   0.149933   -0.411267
0.379994   0.213762   -0.0948709
-0.313327   0.487377   0.17378
-0.0213946   0.165587   -0.117356
0.306423   -0.252819   -0.185415
-0.265259   0.260253   0.102936
0.0327484   -0.298418   0.259335
0.186132   -0.117189   0.158931
-0.464762   0.28033   0.0188394
0.120368   0.35758   0.489595
0.287498   0.0457136   0.34942
0.357672   0.195619   0.102095
-0.471404   0.152506   0.478239
0.105693   -0.0817369   -0.149404
-0.432049   0.337521   0.41354
-0.285853   0.0835512   -0.141808
0.118399   0.223569   -0.336927
0.43841   0.0525456   -0.117232
-0.316815   -0.269488   0.162795
0.237942   -0.0439794   -0.192948
0.217682   0.124449   0.420135
0.201509   0.232371   -0.151729
0.462868   -0.0593241   0.0858337
0.0479759   0.0703745   -0.0882108
0.189577   0.0297145   -0.0546183
0.498958   -0.163205   0.133131
-0.0739164   0.290042   -0.462757
0.339646   0.027935   -0.236307
-0.428819   -0.489408   -0.161357
0.401989   -0.00118942   0.137879
-0.239141   0.0101983   0.441779
-0.440495   -0.0530444   0.413834
-0.433643   -0.428061   -0.10576
0.234101   0.289997   -0.0662754
0.422214   -0.384623   0.354276
-0.343437   -0.357252   0.17841
-0.495964   -0.372845   -0.144607
0.274976   -0.234191   -0.290142
0.490356   -0.410529   -0.0756058
0.499346   -0.378582   -0.385729
0.276421   -0.190168   -0.150327
0.156152   0.418428   0.398265
0.303242   0.219685   -0.0232088
-0.258266   -0.378939   0.338842
0.23726   -0.390392   0.0598619
0.380558   0.30819   -0.499516
0.474282   -0.257197   -0.250651
-0.194884   0.438259   0.468928
-0.331014   0.177596   -0.124328
-0.301012   0.167506   0.206926
0.00150327   0.254444   -0.130822
0.301161   -0.265851   -0.364749
0.431924   0.251084   -0.458612
0.442569   -0.0744916   0.168092
0.151903   0.311875   0.300706
-0.374054   -0.311479   -0.289601
0.305566   0.35896   0.431341
0.273748   -0.108008   0.150542
0.403336   0.263386   -0.189529
0.109224   -0.0400233   0.121638
0.192316   -0.0801349   0.248564
0.36736   0.149269   0.300963
0.0441296   0.392336   0.427593
0.0786231   0.265407   -0.122812
0.420194   0.15153   -0.415748
-0.407294   -0.36937   -0.0153267
-0.0625552   0.242635   0.449575
0.416747   -0.297617   0.399681
-0.0965644   -0.0935883   0.0708627
0.223763   0.401665   0.464827
0.200339   0.108859   -0.273656
-0.226249   -0.287903   -0.341824
0.0399973   -0.148368   0.186988
-0.214766   -0.373395   -0.0325897
0.424371   0.118807   0.485126
0.0659535   -0.155753   0.27143
-0.228312   0.267416   -0.333765
-0.170721   0.322609   -0.168054
0.240476   -0.140933   -0.00443942
0.434892   0.167595   -0.150365
-0.39136   0.368187   0.226432
0.303481   0.297386   0.0195647
0.265937   0.352851   0.100616
0.234512   0.176071   -0.428137
-0.490031   -0.155609   0.216696
-0.0657613   0.165528   0.0769433
-0.167096   0.0375687   0.211783
-0.198972   -0.25979   -0.120366
0.410773   0.00569014   -0.189326
-0.451738   0.204965   -0.45759
-0.411768   0.091884   0.0508457
-0.413165   -0.378192   -0.427779
